<?xml version="1.0" encoding="UTF-8"?>
<robot generator="Rebot 7.1.1 (Python 3.11.0 on win32)" generated="2024-12-17T14:57:28.512221" rpa="false" schemaversion="5">
<suite id="s1" name="Rahul1" source="C:\development\robot-scripts\Rahul1">
<suite id="s1-s1" name="Tests" source="C:\development\robot-scripts\Rahul1\tests">
<suite id="s1-s1-s1" name="Param" source="C:\development\robot-scripts\Rahul1\tests\param.robot">
<test id="s1-s1-s1-t1" name="Invalid Username" line="11">
<kw name="Validate Unsucessful login">
<kw name="Open the web browser">
<kw name="Open Browser" owner="SeleniumLibrary">
<msg time="2024-12-17T14:55:23.235293" level="INFO">Opening browser 'chrome' to base url 'https://rahulshettyacademy.com/loginpagePractise/'.</msg>
<arg>https://rahulshettyacademy.com/loginpagePractise/</arg>
<arg>chrome</arg>
<doc>Opens a new browser instance to the optional ``url``.</doc>
<status status="PASS" start="2024-12-17T14:55:23.235293" elapsed="25.241178"/>
</kw>
<status status="PASS" start="2024-12-17T14:55:23.234355" elapsed="25.243120"/>
</kw>
<kw name="Enter credentials">
<kw name="Input Text" owner="SeleniumLibrary">
<msg time="2024-12-17T14:55:48.496895" level="INFO">Typing text 'ewjbdob' into text field 'id=username'.</msg>
<arg>id=username</arg>
<arg>${username}</arg>
<doc>Types the given ``text`` into the text field identified by ``locator``.</doc>
<status status="PASS" start="2024-12-17T14:55:48.493879" elapsed="0.555808"/>
</kw>
<kw name="Input Password" owner="SeleniumLibrary">
<msg time="2024-12-17T14:55:49.051684" level="INFO">Typing password into text field 'id=password'.</msg>
<msg time="2024-12-17T14:55:49.205307" level="INFO">Temporally setting log level to: NONE</msg>
<arg>id=password</arg>
<arg>${password}</arg>
<doc>Types the given password into the text field identified by ``locator``.</doc>
<status status="PASS" start="2024-12-17T14:55:49.050689" elapsed="0.383096"/>
</kw>
<kw name="Select From List By Value" owner="SeleniumLibrary">
<msg time="2024-12-17T14:55:49.434876" level="INFO">Selecting options from selection list 'xpath=//select' by value teach.</msg>
<arg>xpath=//select</arg>
<arg>teach</arg>
<doc>Selects options from selection list ``locator`` by ``values``.</doc>
<status status="PASS" start="2024-12-17T14:55:49.433785" elapsed="0.419280"/>
</kw>
<kw name="Click Element" owner="SeleniumLibrary">
<msg time="2024-12-17T14:55:49.856114" level="INFO">Clicking element 'signInBtn'.</msg>
<arg>signInBtn</arg>
<doc>Click the element identified by ``locator``.</doc>
<status status="PASS" start="2024-12-17T14:55:49.853065" elapsed="0.322603"/>
</kw>
<arg>${username}</arg>
<arg>${password}</arg>
<status status="PASS" start="2024-12-17T14:55:48.478473" elapsed="1.697195"/>
</kw>
<kw name="Wait until Error messege is displayed">
<kw name="Wait Until Element Is Visible" owner="SeleniumLibrary">
<arg>${Error_alert_Login}</arg>
<doc>Waits until the element ``locator`` is visible.</doc>
<status status="PASS" start="2024-12-17T14:55:50.177699" elapsed="2.158049"/>
</kw>
<status status="PASS" start="2024-12-17T14:55:50.176694" elapsed="2.159054"/>
</kw>
<kw name="Verify if error message is correct">
<kw name="Element Text Should Be" owner="SeleniumLibrary">
<msg time="2024-12-17T14:55:52.339758" level="INFO">Verifying element 'css=.alert-danger' contains exact text 'Incorrect username/password.'.</msg>
<arg>${Error_alert_Login}</arg>
<arg>Incorrect username/password.</arg>
<doc>Verifies that element ``locator`` contains exact the text ``expected``.</doc>
<status status="PASS" start="2024-12-17T14:55:52.338321" elapsed="0.171064"/>
</kw>
<status status="PASS" start="2024-12-17T14:55:52.335748" elapsed="0.173637"/>
</kw>
<arg>ewjbdob</arg>
<arg>learning</arg>
<status status="PASS" start="2024-12-17T14:55:23.234278" elapsed="29.275107"/>
</kw>
<kw name="Close Browser" owner="SeleniumLibrary" type="TEARDOWN">
<doc>Closes the current browser.</doc>
<status status="PASS" start="2024-12-17T14:55:52.509385" elapsed="14.168898"/>
</kw>
<status status="PASS" start="2024-12-17T14:55:23.232718" elapsed="43.445565"/>
</test>
<test id="s1-s1-s1-t2" name="Invalid Password" line="12">
<kw name="Validate Unsucessful login">
<kw name="Open the web browser">
<kw name="Open Browser" owner="SeleniumLibrary">
<msg time="2024-12-17T14:56:06.684245" level="INFO">Opening browser 'chrome' to base url 'https://rahulshettyacademy.com/loginpagePractise/'.</msg>
<arg>https://rahulshettyacademy.com/loginpagePractise/</arg>
<arg>chrome</arg>
<doc>Opens a new browser instance to the optional ``url``.</doc>
<status status="PASS" start="2024-12-17T14:56:06.684245" elapsed="14.263664"/>
</kw>
<status status="PASS" start="2024-12-17T14:56:06.683731" elapsed="14.264178"/>
</kw>
<kw name="Enter credentials">
<kw name="Input Text" owner="SeleniumLibrary">
<msg time="2024-12-17T14:56:21.000556" level="INFO">Typing text 'rahulshettyacademy' into text field 'id=username'.</msg>
<arg>id=username</arg>
<arg>${username}</arg>
<doc>Types the given ``text`` into the text field identified by ``locator``.</doc>
<status status="PASS" start="2024-12-17T14:56:20.999558" elapsed="0.376729"/>
</kw>
<kw name="Input Password" owner="SeleniumLibrary">
<msg time="2024-12-17T14:56:21.376287" level="INFO">Typing password into text field 'id=password'.</msg>
<msg time="2024-12-17T14:56:21.500161" level="INFO">Temporally setting log level to: NONE</msg>
<arg>id=password</arg>
<arg>${password}</arg>
<doc>Types the given password into the text field identified by ``locator``.</doc>
<status status="PASS" start="2024-12-17T14:56:21.376287" elapsed="0.402164"/>
</kw>
<kw name="Select From List By Value" owner="SeleniumLibrary">
<msg time="2024-12-17T14:56:21.780449" level="INFO">Selecting options from selection list 'xpath=//select' by value teach.</msg>
<arg>xpath=//select</arg>
<arg>teach</arg>
<doc>Selects options from selection list ``locator`` by ``values``.</doc>
<status status="PASS" start="2024-12-17T14:56:21.779456" elapsed="0.211577"/>
</kw>
<kw name="Click Element" owner="SeleniumLibrary">
<msg time="2024-12-17T14:56:21.992040" level="INFO">Clicking element 'signInBtn'.</msg>
<arg>signInBtn</arg>
<doc>Click the element identified by ``locator``.</doc>
<status status="PASS" start="2024-12-17T14:56:21.991033" elapsed="0.207231"/>
</kw>
<arg>${username}</arg>
<arg>${password}</arg>
<status status="PASS" start="2024-12-17T14:56:20.947909" elapsed="1.250921"/>
</kw>
<kw name="Wait until Error messege is displayed">
<kw name="Wait Until Element Is Visible" owner="SeleniumLibrary">
<arg>${Error_alert_Login}</arg>
<doc>Waits until the element ``locator`` is visible.</doc>
<status status="PASS" start="2024-12-17T14:56:22.200041" elapsed="2.230621"/>
</kw>
<status status="PASS" start="2024-12-17T14:56:22.198830" elapsed="2.231832"/>
</kw>
<kw name="Verify if error message is correct">
<kw name="Element Text Should Be" owner="SeleniumLibrary">
<msg time="2024-12-17T14:56:24.432661" level="INFO">Verifying element 'css=.alert-danger' contains exact text 'Incorrect username/password.'.</msg>
<arg>${Error_alert_Login}</arg>
<arg>Incorrect username/password.</arg>
<doc>Verifies that element ``locator`` contains exact the text ``expected``.</doc>
<status status="PASS" start="2024-12-17T14:56:24.431663" elapsed="0.116535"/>
</kw>
<status status="PASS" start="2024-12-17T14:56:24.431663" elapsed="0.116535"/>
</kw>
<arg>rahulshettyacademy</arg>
<arg>nwjnnrjdw</arg>
<status status="PASS" start="2024-12-17T14:56:06.679711" elapsed="17.869487"/>
</kw>
<kw name="Close Browser" owner="SeleniumLibrary" type="TEARDOWN">
<doc>Closes the current browser.</doc>
<status status="PASS" start="2024-12-17T14:56:24.549198" elapsed="6.360974"/>
</kw>
<status status="PASS" start="2024-12-17T14:56:06.678283" elapsed="24.231889"/>
</test>
<test id="s1-s1-s1-t3" name="Special Charecters" line="13">
<kw name="Validate Unsucessful login">
<kw name="Open the web browser">
<kw name="Open Browser" owner="SeleniumLibrary">
<msg time="2024-12-17T14:56:30.913685" level="INFO">Opening browser 'chrome' to base url 'https://rahulshettyacademy.com/loginpagePractise/'.</msg>
<arg>https://rahulshettyacademy.com/loginpagePractise/</arg>
<arg>chrome</arg>
<doc>Opens a new browser instance to the optional ``url``.</doc>
<status status="PASS" start="2024-12-17T14:56:30.912171" elapsed="10.284827"/>
</kw>
<status status="PASS" start="2024-12-17T14:56:30.912171" elapsed="10.284827"/>
</kw>
<kw name="Enter credentials">
<kw name="Input Text" owner="SeleniumLibrary">
<msg time="2024-12-17T14:56:41.207776" level="INFO">Typing text '$#!@^%&amp;&amp;$' into text field 'id=username'.</msg>
<arg>id=username</arg>
<arg>${username}</arg>
<doc>Types the given ``text`` into the text field identified by ``locator``.</doc>
<status status="PASS" start="2024-12-17T14:56:41.206760" elapsed="0.205861"/>
</kw>
<kw name="Input Password" owner="SeleniumLibrary">
<msg time="2024-12-17T14:56:41.414125" level="INFO">Typing password into text field 'id=password'.</msg>
<msg time="2024-12-17T14:56:41.475043" level="INFO">Temporally setting log level to: NONE</msg>
<arg>id=password</arg>
<arg>${password}</arg>
<doc>Types the given password into the text field identified by ``locator``.</doc>
<status status="PASS" start="2024-12-17T14:56:41.412621" elapsed="0.139466"/>
</kw>
<kw name="Select From List By Value" owner="SeleniumLibrary">
<msg time="2024-12-17T14:56:41.552087" level="INFO">Selecting options from selection list 'xpath=//select' by value teach.</msg>
<arg>xpath=//select</arg>
<arg>teach</arg>
<doc>Selects options from selection list ``locator`` by ``values``.</doc>
<status status="PASS" start="2024-12-17T14:56:41.552087" elapsed="0.118997"/>
</kw>
<kw name="Click Element" owner="SeleniumLibrary">
<msg time="2024-12-17T14:56:41.672080" level="INFO">Clicking element 'signInBtn'.</msg>
<arg>signInBtn</arg>
<doc>Click the element identified by ``locator``.</doc>
<status status="PASS" start="2024-12-17T14:56:41.671084" elapsed="0.092450"/>
</kw>
<arg>${username}</arg>
<arg>${password}</arg>
<status status="PASS" start="2024-12-17T14:56:41.198382" elapsed="0.565152"/>
</kw>
<kw name="Wait until Error messege is displayed">
<kw name="Wait Until Element Is Visible" owner="SeleniumLibrary">
<arg>${Error_alert_Login}</arg>
<doc>Waits until the element ``locator`` is visible.</doc>
<status status="PASS" start="2024-12-17T14:56:41.765055" elapsed="2.092671"/>
</kw>
<status status="PASS" start="2024-12-17T14:56:41.763534" elapsed="2.094192"/>
</kw>
<kw name="Verify if error message is correct">
<kw name="Element Text Should Be" owner="SeleniumLibrary">
<msg time="2024-12-17T14:56:43.859203" level="INFO">Verifying element 'css=.alert-danger' contains exact text 'Incorrect username/password.'.</msg>
<arg>${Error_alert_Login}</arg>
<arg>Incorrect username/password.</arg>
<doc>Verifies that element ``locator`` contains exact the text ``expected``.</doc>
<status status="PASS" start="2024-12-17T14:56:43.858663" elapsed="0.031939"/>
</kw>
<status status="PASS" start="2024-12-17T14:56:43.857726" elapsed="0.032876"/>
</kw>
<arg>$#!@^%&amp;&amp;$</arg>
<arg>&amp;^#%&amp;^#%&amp;</arg>
<status status="PASS" start="2024-12-17T14:56:30.911176" elapsed="12.979426"/>
</kw>
<kw name="Close Browser" owner="SeleniumLibrary" type="TEARDOWN">
<doc>Closes the current browser.</doc>
<status status="PASS" start="2024-12-17T14:56:43.890602" elapsed="5.857839"/>
</kw>
<status status="PASS" start="2024-12-17T14:56:30.911176" elapsed="18.837265"/>
</test>
<status status="PASS" start="2024-12-17T14:55:17.176000" elapsed="86.515000"/>
</suite>
<suite id="s1-s1-s2" name="Pom" source="C:\development\robot-scripts\Rahul1\tests\pom.robot">
<test id="s1-s1-s2-t1" name="End to End Testing" line="27">
<kw name="Open the web browser" owner="resource" type="SETUP">
<kw name="Open Browser" owner="SeleniumLibrary">
<msg time="2024-12-17T14:55:26.137787" level="INFO">Opening browser 'chrome' to base url 'https://rahulshettyacademy.com/loginpagePractise/'.</msg>
<arg>https://rahulshettyacademy.com/loginpagePractise/</arg>
<arg>chrome</arg>
<doc>Opens a new browser instance to the optional ``url``.</doc>
<status status="PASS" start="2024-12-17T14:55:26.136660" elapsed="17.367977"/>
</kw>
<kw name="Maximize Browser Window" owner="SeleniumLibrary">
<doc>Maximizes current browser window.</doc>
<status status="PASS" start="2024-12-17T14:55:43.506637" elapsed="0.061431"/>
</kw>
<status status="PASS" start="2024-12-17T14:55:26.134589" elapsed="17.433479"/>
</kw>
<kw name="Enter credentials" owner="landingPage">
<kw name="Input Text" owner="SeleniumLibrary">
<msg time="2024-12-17T14:55:43.624800" level="INFO">Typing text 'rahulshettyacademy' into text field 'id=username'.</msg>
<arg>id=username</arg>
<arg>${username}</arg>
<doc>Types the given ``text`` into the text field identified by ``locator``.</doc>
<status status="PASS" start="2024-12-17T14:55:43.595433" elapsed="0.499703"/>
</kw>
<kw name="Input Password" owner="SeleniumLibrary">
<msg time="2024-12-17T14:55:44.097492" level="INFO">Typing password into text field 'id=password'.</msg>
<msg time="2024-12-17T14:55:44.250234" level="INFO">Temporally setting log level to: NONE</msg>
<arg>id=password</arg>
<arg>${password}</arg>
<doc>Types the given password into the text field identified by ``locator``.</doc>
<status status="PASS" start="2024-12-17T14:55:44.095136" elapsed="0.356303"/>
</kw>
<kw name="Select From List By Value" owner="SeleniumLibrary">
<msg time="2024-12-17T14:55:44.452433" level="INFO">Selecting options from selection list 'xpath=//select' by value teach.</msg>
<arg>xpath=//select</arg>
<arg>teach</arg>
<doc>Selects options from selection list ``locator`` by ``values``.</doc>
<status status="PASS" start="2024-12-17T14:55:44.451439" elapsed="0.130468"/>
</kw>
<kw name="Click Element" owner="SeleniumLibrary">
<msg time="2024-12-17T14:55:44.583910" level="INFO">Clicking element 'signInBtn'.</msg>
<arg>signInBtn</arg>
<doc>Click the element identified by ``locator``.</doc>
<status status="PASS" start="2024-12-17T14:55:44.582908" elapsed="0.105185"/>
</kw>
<arg>${username}</arg>
<arg>${valid_password}</arg>
<status status="PASS" start="2024-12-17T14:55:43.569066" elapsed="1.119027"/>
</kw>
<kw name="Wait until Element is displayed" owner="shopPage">
<kw name="Wait Until Element Is Visible" owner="SeleniumLibrary">
<arg>${element}</arg>
<doc>Waits until the element ``locator`` is visible.</doc>
<status status="PASS" start="2024-12-17T14:55:44.691113" elapsed="3.956164"/>
</kw>
<arg>${element_row}</arg>
<status status="PASS" start="2024-12-17T14:55:44.688093" elapsed="3.959184"/>
</kw>
<kw name="Verify Card Titles" owner="shopPage">
<kw name="Create List" owner="BuiltIn">
<msg time="2024-12-17T14:55:48.649723" level="INFO">@{expected_list} = [ iphone X | Samsung Note 8 | Nokia Edge | Blackberry ]</msg>
<var>@{expected_list}</var>
<arg>iphone X</arg>
<arg>Samsung Note 8</arg>
<arg>Nokia Edge</arg>
<arg>Blackberry</arg>
<doc>Returns a list containing given items.</doc>
<status status="PASS" start="2024-12-17T14:55:48.648295" elapsed="0.001428"/>
</kw>
<kw name="Get WebElements" owner="SeleniumLibrary">
<msg time="2024-12-17T14:55:48.695324" level="INFO">${elements} = [&lt;selenium.webdriver.remote.webelement.WebElement (session="4108cd77d10f2bfebe8092d64cdc5bb3", element="f.2B50B2318D78FD35B50C71EDB1867F07.d.B6885FCA436AAAFA344B394D3B3C4822.e.71")&gt;, &lt;selenium.webdriv...</msg>
<var>${elements}</var>
<arg>${card_titles}</arg>
<doc>Returns a list of WebElement objects matching the ``locator``.</doc>
<status status="PASS" start="2024-12-17T14:55:48.649723" elapsed="0.045601"/>
</kw>
<kw name="Create List" owner="BuiltIn">
<msg time="2024-12-17T14:55:48.697584" level="INFO">@{actual_list} = [ ]</msg>
<var>@{actual_list}</var>
<doc>Returns a list containing given items.</doc>
<status status="PASS" start="2024-12-17T14:55:48.696338" elapsed="0.001246"/>
</kw>
<for flavor="IN">
<iter>
<kw name="Log" owner="BuiltIn">
<msg time="2024-12-17T14:55:48.798766" level="INFO">iphone X</msg>
<arg>${element.text}</arg>
<doc>Logs the given message with the given level.</doc>
<status status="PASS" start="2024-12-17T14:55:48.699602" elapsed="0.099164"/>
</kw>
<kw name="Append To List" owner="Collections">
<arg>${actual_list}</arg>
<arg>${element.text}</arg>
<doc>Adds ``values`` to the end of ``list``.</doc>
<status status="PASS" start="2024-12-17T14:55:48.798766" elapsed="0.088798"/>
</kw>
<var name="${element}">&lt;selenium.webdriver.remote.webelement.WebElement (session="4108cd77d10f2bfebe8092d64cdc5bb3", element="f.2B50B2318D78FD35B50C71EDB1867F07.d.B6885FCA436AAAFA344B394D3B3C4822.e.71")&gt;</var>
<status status="PASS" start="2024-12-17T14:55:48.698600" elapsed="0.188964"/>
</iter>
<iter>
<kw name="Log" owner="BuiltIn">
<msg time="2024-12-17T14:55:48.920874" level="INFO">Samsung Note 8</msg>
<arg>${element.text}</arg>
<doc>Logs the given message with the given level.</doc>
<status status="PASS" start="2024-12-17T14:55:48.888549" elapsed="0.033327"/>
</kw>
<kw name="Append To List" owner="Collections">
<arg>${actual_list}</arg>
<arg>${element.text}</arg>
<doc>Adds ``values`` to the end of ``list``.</doc>
<status status="PASS" start="2024-12-17T14:55:48.921876" elapsed="0.068273"/>
</kw>
<var name="${element}">&lt;selenium.webdriver.remote.webelement.WebElement (session="4108cd77d10f2bfebe8092d64cdc5bb3", element="f.2B50B2318D78FD35B50C71EDB1867F07.d.B6885FCA436AAAFA344B394D3B3C4822.e.72")&gt;</var>
<status status="PASS" start="2024-12-17T14:55:48.888549" elapsed="0.101600"/>
</iter>
<iter>
<kw name="Log" owner="BuiltIn">
<msg time="2024-12-17T14:55:49.019993" level="INFO">Nokia Edge</msg>
<arg>${element.text}</arg>
<doc>Logs the given message with the given level.</doc>
<status status="PASS" start="2024-12-17T14:55:48.991627" elapsed="0.028366"/>
</kw>
<kw name="Append To List" owner="Collections">
<arg>${actual_list}</arg>
<arg>${element.text}</arg>
<doc>Adds ``values`` to the end of ``list``.</doc>
<status status="PASS" start="2024-12-17T14:55:49.019993" elapsed="0.023690"/>
</kw>
<var name="${element}">&lt;selenium.webdriver.remote.webelement.WebElement (session="4108cd77d10f2bfebe8092d64cdc5bb3", element="f.2B50B2318D78FD35B50C71EDB1867F07.d.B6885FCA436AAAFA344B394D3B3C4822.e.73")&gt;</var>
<status status="PASS" start="2024-12-17T14:55:48.990149" elapsed="0.054537"/>
</iter>
<iter>
<kw name="Log" owner="BuiltIn">
<msg time="2024-12-17T14:55:49.071481" level="INFO">Blackberry</msg>
<arg>${element.text}</arg>
<doc>Logs the given message with the given level.</doc>
<status status="PASS" start="2024-12-17T14:55:49.045686" elapsed="0.025795"/>
</kw>
<kw name="Append To List" owner="Collections">
<arg>${actual_list}</arg>
<arg>${element.text}</arg>
<doc>Adds ``values`` to the end of ``list``.</doc>
<status status="PASS" start="2024-12-17T14:55:49.071481" elapsed="0.022213"/>
</kw>
<var name="${element}">&lt;selenium.webdriver.remote.webelement.WebElement (session="4108cd77d10f2bfebe8092d64cdc5bb3", element="f.2B50B2318D78FD35B50C71EDB1867F07.d.B6885FCA436AAAFA344B394D3B3C4822.e.74")&gt;</var>
<status status="PASS" start="2024-12-17T14:55:49.044686" elapsed="0.049008"/>
</iter>
<var>${element}</var>
<value>@{elements}</value>
<status status="PASS" start="2024-12-17T14:55:48.697584" elapsed="0.396110"/>
</for>
<kw name="Lists Should Be Equal" owner="Collections">
<arg>${expected_list}</arg>
<arg>${actual_list}</arg>
<doc>Fails if given lists are unequal.</doc>
<status status="PASS" start="2024-12-17T14:55:49.094817" elapsed="0.000000"/>
</kw>
<status status="PASS" start="2024-12-17T14:55:48.647277" elapsed="0.448908"/>
</kw>
<kw name="Select The Card" owner="shopPage">
<kw name="Get WebElements" owner="SeleniumLibrary">
<msg time="2024-12-17T14:55:49.141125" level="INFO">${elements} = [&lt;selenium.webdriver.remote.webelement.WebElement (session="4108cd77d10f2bfebe8092d64cdc5bb3", element="f.2B50B2318D78FD35B50C71EDB1867F07.d.B6885FCA436AAAFA344B394D3B3C4822.e.71")&gt;, &lt;selenium.webdriv...</msg>
<var>${elements}</var>
<arg>${card_titles}</arg>
<doc>Returns a list of WebElement objects matching the ``locator``.</doc>
<status status="PASS" start="2024-12-17T14:55:49.097294" elapsed="0.045310"/>
</kw>
<kw name="Create List" owner="BuiltIn">
<msg time="2024-12-17T14:55:49.143840" level="INFO">@{actual_list} = [ ]</msg>
<var>@{actual_list}</var>
<doc>Returns a list containing given items.</doc>
<status status="PASS" start="2024-12-17T14:55:49.142604" elapsed="0.001236"/>
</kw>
<kw name="Set Variable" owner="BuiltIn">
<msg time="2024-12-17T14:55:49.143840" level="INFO">${i} = 1</msg>
<var>${i}</var>
<arg>1</arg>
<doc>Returns the given values which can then be assigned to a variables.</doc>
<status status="PASS" start="2024-12-17T14:55:49.143840" elapsed="0.000000"/>
</kw>
<for flavor="IN">
<iter>
<kw name="Exit For Loop If" owner="BuiltIn">
<arg>'${pName}' == '${element.text}'</arg>
<doc>Stops executing the enclosing FOR loop if the ``condition`` is true.</doc>
<status status="PASS" start="2024-12-17T14:55:49.146574" elapsed="0.052733"/>
</kw>
<kw name="Evaluate" owner="BuiltIn">
<msg time="2024-12-17T14:55:49.201307" level="INFO">${i} = 2</msg>
<var>${i}</var>
<arg>${i}+1</arg>
<doc>Evaluates the given expression in Python and returns the result.</doc>
<status status="PASS" start="2024-12-17T14:55:49.200310" elapsed="0.000997"/>
</kw>
<var name="${element}">&lt;selenium.webdriver.remote.webelement.WebElement (session="4108cd77d10f2bfebe8092d64cdc5bb3", element="f.2B50B2318D78FD35B50C71EDB1867F07.d.B6885FCA436AAAFA344B394D3B3C4822.e.71")&gt;</var>
<status status="PASS" start="2024-12-17T14:55:49.145278" elapsed="0.056029"/>
</iter>
<iter>
<kw name="Exit For Loop If" owner="BuiltIn">
<arg>'${pName}' == '${element.text}'</arg>
<doc>Stops executing the enclosing FOR loop if the ``condition`` is true.</doc>
<status status="PASS" start="2024-12-17T14:55:49.203307" elapsed="0.029764"/>
</kw>
<kw name="Evaluate" owner="BuiltIn">
<msg time="2024-12-17T14:55:49.234195" level="INFO">${i} = 3</msg>
<var>${i}</var>
<arg>${i}+1</arg>
<doc>Evaluates the given expression in Python and returns the result.</doc>
<status status="PASS" start="2024-12-17T14:55:49.234195" elapsed="0.001080"/>
</kw>
<var name="${element}">&lt;selenium.webdriver.remote.webelement.WebElement (session="4108cd77d10f2bfebe8092d64cdc5bb3", element="f.2B50B2318D78FD35B50C71EDB1867F07.d.B6885FCA436AAAFA344B394D3B3C4822.e.72")&gt;</var>
<status status="PASS" start="2024-12-17T14:55:49.202307" elapsed="0.032968"/>
</iter>
<iter>
<kw name="Exit For Loop If" owner="BuiltIn">
<arg>'${pName}' == '${element.text}'</arg>
<doc>Stops executing the enclosing FOR loop if the ``condition`` is true.</doc>
<status status="PASS" start="2024-12-17T14:55:49.235275" elapsed="0.044852"/>
</kw>
<kw name="Evaluate" owner="BuiltIn">
<msg time="2024-12-17T14:55:49.281573" level="INFO">${i} = 4</msg>
<var>${i}</var>
<arg>${i}+1</arg>
<doc>Evaluates the given expression in Python and returns the result.</doc>
<status status="PASS" start="2024-12-17T14:55:49.280127" elapsed="0.001446"/>
</kw>
<var name="${element}">&lt;selenium.webdriver.remote.webelement.WebElement (session="4108cd77d10f2bfebe8092d64cdc5bb3", element="f.2B50B2318D78FD35B50C71EDB1867F07.d.B6885FCA436AAAFA344B394D3B3C4822.e.73")&gt;</var>
<status status="PASS" start="2024-12-17T14:55:49.235275" elapsed="0.046298"/>
</iter>
<iter>
<kw name="Exit For Loop If" owner="BuiltIn">
<msg time="2024-12-17T14:55:49.335482" level="INFO">Exiting for loop altogether.</msg>
<arg>'${pName}' == '${element.text}'</arg>
<doc>Stops executing the enclosing FOR loop if the ``condition`` is true.</doc>
<status status="PASS" start="2024-12-17T14:55:49.283051" elapsed="0.052431"/>
</kw>
<kw name="Evaluate" owner="BuiltIn">
<var>${i}</var>
<arg>${i}+1</arg>
<doc>Evaluates the given expression in Python and returns the result.</doc>
<status status="NOT RUN" start="2024-12-17T14:55:49.335482" elapsed="0.001346"/>
</kw>
<var name="${element}">&lt;selenium.webdriver.remote.webelement.WebElement (session="4108cd77d10f2bfebe8092d64cdc5bb3", element="f.2B50B2318D78FD35B50C71EDB1867F07.d.B6885FCA436AAAFA344B394D3B3C4822.e.74")&gt;</var>
<status status="PASS" start="2024-12-17T14:55:49.281573" elapsed="0.055255"/>
</iter>
<var>${element}</var>
<value>@{elements}</value>
<status status="PASS" start="2024-12-17T14:55:49.143840" elapsed="0.192988"/>
</for>
<kw name="Click Button" owner="SeleniumLibrary">
<msg time="2024-12-17T14:55:49.339346" level="INFO">Clicking button '(//button[@class='btn btn-info'])[4]'.</msg>
<arg>(//button[@class='btn btn-info'])[${i}]</arg>
<doc>Clicks the button identified by ``locator``.</doc>
<status status="PASS" start="2024-12-17T14:55:49.338306" elapsed="0.261290"/>
</kw>
<arg>${pname}</arg>
<status status="PASS" start="2024-12-17T14:55:49.096185" elapsed="0.503411"/>
</kw>
<kw name="Select the Product" owner="checkoutPage">
<kw name="Click Element" owner="SeleniumLibrary">
<msg time="2024-12-17T14:55:49.616776" level="INFO">Clicking element '//a[@class='nav-link btn btn-primary']'.</msg>
<arg>${cartButton}</arg>
<doc>Click the element identified by ``locator``.</doc>
<status status="PASS" start="2024-12-17T14:55:49.600610" elapsed="0.480318"/>
</kw>
<kw name="Wait Until Element Is Visible" owner="SeleniumLibrary">
<arg>${checkoutButton}</arg>
<doc>Waits until the element ``locator`` is visible.</doc>
<status status="PASS" start="2024-12-17T14:55:50.080928" elapsed="0.049801"/>
</kw>
<kw name="Element Text Should Be" owner="SeleniumLibrary">
<msg time="2024-12-17T14:55:50.132728" level="INFO">Verifying element '//h4/a[@href='#']' contains exact text 'Blackberry'.</msg>
<arg>${elemText}</arg>
<arg>${pname}</arg>
<doc>Verifies that element ``locator`` contains exact the text ``expected``.</doc>
<status status="PASS" start="2024-12-17T14:55:50.131730" elapsed="0.054173"/>
</kw>
<kw name="Click Button" owner="SeleniumLibrary">
<msg time="2024-12-17T14:55:50.185962" level="INFO">Clicking button '//button[@class='btn btn-success']'.</msg>
<arg>${checkoutButton}</arg>
<doc>Clicks the button identified by ``locator``.</doc>
<status status="PASS" start="2024-12-17T14:55:50.185962" elapsed="0.208544"/>
</kw>
<status status="PASS" start="2024-12-17T14:55:49.599596" elapsed="0.794910"/>
</kw>
<kw name="Checkout" owner="checkoutPage">
<kw name="Input Text" owner="SeleniumLibrary">
<msg time="2024-12-17T14:55:50.397525" level="INFO">Typing text 'India' into text field 'xpath=//input[@id='country']'.</msg>
<arg>xpath=${countryText}</arg>
<arg>India</arg>
<doc>Types the given ``text`` into the text field identified by ``locator``.</doc>
<status status="PASS" start="2024-12-17T14:55:50.396527" elapsed="0.248890"/>
</kw>
<kw name="Click Element" owner="SeleniumLibrary">
<msg time="2024-12-17T14:55:50.646417" level="INFO">Clicking element '//input[@type='submit']'.</msg>
<arg>${submit}</arg>
<doc>Click the element identified by ``locator``.</doc>
<status status="PASS" start="2024-12-17T14:55:50.646417" elapsed="0.123990"/>
</kw>
<kw name="Page Should Contain Element" owner="SeleniumLibrary">
<msg time="2024-12-17T14:55:50.800245" level="INFO">Current page contains element '//strong'.</msg>
<arg>${success}</arg>
<doc>Verifies that element ``locator`` is found on the current page.</doc>
<status status="PASS" start="2024-12-17T14:55:50.770407" elapsed="0.029838"/>
</kw>
<status status="PASS" start="2024-12-17T14:55:50.395529" elapsed="0.404716"/>
</kw>
<kw name="Close Browser" owner="SeleniumLibrary" type="TEARDOWN">
<doc>Closes the current browser.</doc>
<status status="PASS" start="2024-12-17T14:55:50.801864" elapsed="15.517386"/>
</kw>
<status status="PASS" start="2024-12-17T14:55:26.133592" elapsed="40.185658"/>
</test>
<doc>This is some basic info about the suite</doc>
<status status="PASS" start="2024-12-17T14:55:19.634171" elapsed="46.686439"/>
</suite>
<suite id="s1-s1-s3" name="Test1" source="C:\development\robot-scripts\Rahul1\tests\test1.robot">
<test id="s1-s1-s3-t1" name="Validate the user" line="9">
<kw name="Open the web browser">
<kw name="Open Browser" owner="SeleniumLibrary">
<msg time="2024-12-17T14:55:24.173072" level="INFO">Opening browser 'chrome' to base url 'https://rahulshettyacademy.com/loginpagePractise/'.</msg>
<arg>https://rahulshettyacademy.com/loginpagePractise/</arg>
<arg>chrome</arg>
<doc>Opens a new browser instance to the optional ``url``.</doc>
<status status="PASS" start="2024-12-17T14:55:24.173072" elapsed="23.986744"/>
</kw>
<status status="PASS" start="2024-12-17T14:55:24.171079" elapsed="23.989266"/>
</kw>
<kw name="Enter invalid credentials">
<kw name="Input Text" owner="SeleniumLibrary">
<msg time="2024-12-17T14:55:48.221471" level="INFO">Typing text 'rahulshettyacademy' into text field 'id=username'.</msg>
<arg>id=username</arg>
<arg>rahulshettyacademy</arg>
<doc>Types the given ``text`` into the text field identified by ``locator``.</doc>
<status status="PASS" start="2024-12-17T14:55:48.214982" elapsed="0.529988"/>
</kw>
<kw name="Input Password" owner="SeleniumLibrary">
<msg time="2024-12-17T14:55:48.750956" level="INFO">Typing password into text field 'id=password'.</msg>
<msg time="2024-12-17T14:55:49.006832" level="INFO">Temporally setting log level to: NONE</msg>
<arg>id=password</arg>
<arg>learning1</arg>
<doc>Types the given password into the text field identified by ``locator``.</doc>
<status status="PASS" start="2024-12-17T14:55:48.747359" elapsed="0.467887"/>
</kw>
<kw name="Select From List By Value" owner="SeleniumLibrary">
<msg time="2024-12-17T14:55:49.216244" level="INFO">Selecting options from selection list 'xpath=//select' by value teach.</msg>
<arg>xpath=//select</arg>
<arg>teach</arg>
<doc>Selects options from selection list ``locator`` by ``values``.</doc>
<status status="PASS" start="2024-12-17T14:55:49.215246" elapsed="0.376683"/>
</kw>
<kw name="Click Element" owner="SeleniumLibrary">
<msg time="2024-12-17T14:55:49.593702" level="INFO">Clicking element 'signInBtn'.</msg>
<arg>signInBtn</arg>
<doc>Click the element identified by ``locator``.</doc>
<status status="PASS" start="2024-12-17T14:55:49.592572" elapsed="0.424561"/>
</kw>
<status status="PASS" start="2024-12-17T14:55:48.160345" elapsed="1.856788"/>
</kw>
<kw name="Wait until Error messege is displayed">
<kw name="Wait Until Element Is Visible" owner="SeleniumLibrary">
<arg>${Error_alert_Login}</arg>
<doc>Waits until the element ``locator`` is visible.</doc>
<status status="PASS" start="2024-12-17T14:55:50.018411" elapsed="2.237350"/>
</kw>
<status status="PASS" start="2024-12-17T14:55:50.018411" elapsed="2.238342"/>
</kw>
<kw name="Verify if error message is correct">
<kw name="Element Text Should Be" owner="SeleniumLibrary">
<msg time="2024-12-17T14:55:52.258755" level="INFO">Verifying element 'css=.alert-danger' contains exact text 'Incorrect username/password.'.</msg>
<arg>${Error_alert_Login}</arg>
<arg>Incorrect username/password.</arg>
<doc>Verifies that element ``locator`` contains exact the text ``expected``.</doc>
<status status="PASS" start="2024-12-17T14:55:52.257754" elapsed="0.135794"/>
</kw>
<status status="PASS" start="2024-12-17T14:55:52.256753" elapsed="0.137809"/>
</kw>
<kw name="Close Browser" owner="SeleniumLibrary" type="TEARDOWN">
<doc>Closes the current browser.</doc>
<status status="PASS" start="2024-12-17T14:55:52.396006" elapsed="13.889714"/>
</kw>
<status status="PASS" start="2024-12-17T14:55:24.168910" elapsed="42.117349"/>
</test>
<status status="PASS" start="2024-12-17T14:55:18.120740" elapsed="48.165519"/>
</suite>
<suite id="s1-s1-s4" name="Test2" source="C:\development\robot-scripts\Rahul1\tests\test2.robot">
<test id="s1-s1-s4-t1" name="Verify the cards are displayed" line="18">
<kw name="Open the web browser" owner="resource" type="SETUP">
<kw name="Open Browser" owner="SeleniumLibrary">
<msg time="2024-12-17T14:55:25.308908" level="INFO">Opening browser 'chrome' to base url 'https://rahulshettyacademy.com/loginpagePractise/'.</msg>
<arg>https://rahulshettyacademy.com/loginpagePractise/</arg>
<arg>chrome</arg>
<doc>Opens a new browser instance to the optional ``url``.</doc>
<status status="PASS" start="2024-12-17T14:55:25.308908" elapsed="22.642597"/>
</kw>
<kw name="Maximize Browser Window" owner="SeleniumLibrary">
<doc>Maximizes current browser window.</doc>
<status status="PASS" start="2024-12-17T14:55:47.952503" elapsed="0.205738"/>
</kw>
<status status="PASS" start="2024-12-17T14:55:25.306383" elapsed="22.851858"/>
</kw>
<kw name="Enter credentials">
<kw name="Input Text" owner="SeleniumLibrary">
<msg time="2024-12-17T14:55:48.201874" level="INFO">Typing text 'rahulshettyacademy' into text field 'id=username'.</msg>
<arg>id=username</arg>
<arg>${username}</arg>
<doc>Types the given ``text`` into the text field identified by ``locator``.</doc>
<status status="PASS" start="2024-12-17T14:55:48.200872" elapsed="0.496712"/>
</kw>
<kw name="Input Password" owner="SeleniumLibrary">
<msg time="2024-12-17T14:55:48.699602" level="INFO">Typing password into text field 'id=password'.</msg>
<msg time="2024-12-17T14:55:48.995658" level="INFO">Temporally setting log level to: NONE</msg>
<arg>id=password</arg>
<arg>${password}</arg>
<doc>Types the given password into the text field identified by ``locator``.</doc>
<status status="PASS" start="2024-12-17T14:55:48.698600" elapsed="0.494844"/>
</kw>
<kw name="Select From List By Value" owner="SeleniumLibrary">
<msg time="2024-12-17T14:55:49.194466" level="INFO">Selecting options from selection list 'xpath=//select' by value teach.</msg>
<arg>xpath=//select</arg>
<arg>teach</arg>
<doc>Selects options from selection list ``locator`` by ``values``.</doc>
<status status="PASS" start="2024-12-17T14:55:49.193444" elapsed="0.353488"/>
</kw>
<kw name="Click Element" owner="SeleniumLibrary">
<msg time="2024-12-17T14:55:49.548998" level="INFO">Clicking element 'signInBtn'.</msg>
<arg>signInBtn</arg>
<doc>Click the element identified by ``locator``.</doc>
<status status="PASS" start="2024-12-17T14:55:49.547944" elapsed="0.294886"/>
</kw>
<arg>${username}</arg>
<arg>${valid_password}</arg>
<status status="PASS" start="2024-12-17T14:55:48.159816" elapsed="1.685012"/>
</kw>
<kw name="Wait until Element is displayed">
<kw name="Wait Until Element Is Visible" owner="SeleniumLibrary">
<arg>${element}</arg>
<doc>Waits until the element ``locator`` is visible.</doc>
<status status="PASS" start="2024-12-17T14:55:49.846806" elapsed="4.209686"/>
</kw>
<arg>${element_row}</arg>
<status status="PASS" start="2024-12-17T14:55:49.845812" elapsed="4.210680"/>
</kw>
<kw name="Verify Card Titles">
<kw name="Create List" owner="BuiltIn">
<msg time="2024-12-17T14:55:54.061289" level="INFO">@{expected_list} = [ iphone X | Samsung Note 8 | Nokia Edge | Blackberry ]</msg>
<var>@{expected_list}</var>
<arg>iphone X</arg>
<arg>Samsung Note 8</arg>
<arg>Nokia Edge</arg>
<arg>Blackberry</arg>
<doc>Returns a list containing given items.</doc>
<status status="PASS" start="2024-12-17T14:55:54.060293" elapsed="0.000996"/>
</kw>
<kw name="Get WebElements" owner="SeleniumLibrary">
<msg time="2024-12-17T14:55:54.101247" level="INFO">${elements} = [&lt;selenium.webdriver.remote.webelement.WebElement (session="14c854dc8a5a550da5ba9101922b6afe", element="f.A1095FB0C135524173DE04437E45B6CD.d.5B1FD642F341DE07087D679D57813543.e.71")&gt;, &lt;selenium.webdriv...</msg>
<var>${elements}</var>
<arg>${card_titles}</arg>
<doc>Returns a list of WebElement objects matching the ``locator``.</doc>
<status status="PASS" start="2024-12-17T14:55:54.061289" elapsed="0.039958"/>
</kw>
<kw name="Create List" owner="BuiltIn">
<msg time="2024-12-17T14:55:54.102245" level="INFO">@{actual_list} = [ ]</msg>
<var>@{actual_list}</var>
<doc>Returns a list containing given items.</doc>
<status status="PASS" start="2024-12-17T14:55:54.101247" elapsed="0.000998"/>
</kw>
<for flavor="IN">
<iter>
<kw name="Log" owner="BuiltIn">
<msg time="2024-12-17T14:55:54.150094" level="INFO">iphone X</msg>
<arg>${element.text}</arg>
<doc>Logs the given message with the given level.</doc>
<status status="PASS" start="2024-12-17T14:55:54.106749" elapsed="0.043345"/>
</kw>
<kw name="Append To List" owner="Collections">
<arg>${actual_list}</arg>
<arg>${element.text}</arg>
<doc>Adds ``values`` to the end of ``list``.</doc>
<status status="PASS" start="2024-12-17T14:55:54.150094" elapsed="0.062832"/>
</kw>
<var name="${element}">&lt;selenium.webdriver.remote.webelement.WebElement (session="14c854dc8a5a550da5ba9101922b6afe", element="f.A1095FB0C135524173DE04437E45B6CD.d.5B1FD642F341DE07087D679D57813543.e.71")&gt;</var>
<status status="PASS" start="2024-12-17T14:55:54.105855" elapsed="0.107071"/>
</iter>
<iter>
<kw name="Log" owner="BuiltIn">
<msg time="2024-12-17T14:55:54.247614" level="INFO">Samsung Note 8</msg>
<arg>${element.text}</arg>
<doc>Logs the given message with the given level.</doc>
<status status="PASS" start="2024-12-17T14:55:54.214533" elapsed="0.033081"/>
</kw>
<kw name="Append To List" owner="Collections">
<arg>${actual_list}</arg>
<arg>${element.text}</arg>
<doc>Adds ``values`` to the end of ``list``.</doc>
<status status="PASS" start="2024-12-17T14:55:54.248141" elapsed="0.020178"/>
</kw>
<var name="${element}">&lt;selenium.webdriver.remote.webelement.WebElement (session="14c854dc8a5a550da5ba9101922b6afe", element="f.A1095FB0C135524173DE04437E45B6CD.d.5B1FD642F341DE07087D679D57813543.e.72")&gt;</var>
<status status="PASS" start="2024-12-17T14:55:54.213474" elapsed="0.054845"/>
</iter>
<iter>
<kw name="Log" owner="BuiltIn">
<msg time="2024-12-17T14:55:54.289751" level="INFO">Nokia Edge</msg>
<arg>${element.text}</arg>
<doc>Logs the given message with the given level.</doc>
<status status="PASS" start="2024-12-17T14:55:54.269339" elapsed="0.020412"/>
</kw>
<kw name="Append To List" owner="Collections">
<arg>${actual_list}</arg>
<arg>${element.text}</arg>
<doc>Adds ``values`` to the end of ``list``.</doc>
<status status="PASS" start="2024-12-17T14:55:54.290757" elapsed="0.019439"/>
</kw>
<var name="${element}">&lt;selenium.webdriver.remote.webelement.WebElement (session="14c854dc8a5a550da5ba9101922b6afe", element="f.A1095FB0C135524173DE04437E45B6CD.d.5B1FD642F341DE07087D679D57813543.e.73")&gt;</var>
<status status="PASS" start="2024-12-17T14:55:54.268319" elapsed="0.041877"/>
</iter>
<iter>
<kw name="Log" owner="BuiltIn">
<msg time="2024-12-17T14:55:54.338613" level="INFO">Blackberry</msg>
<arg>${element.text}</arg>
<doc>Logs the given message with the given level.</doc>
<status status="PASS" start="2024-12-17T14:55:54.311282" elapsed="0.028419"/>
</kw>
<kw name="Append To List" owner="Collections">
<arg>${actual_list}</arg>
<arg>${element.text}</arg>
<doc>Adds ``values`` to the end of ``list``.</doc>
<status status="PASS" start="2024-12-17T14:55:54.339701" elapsed="0.020393"/>
</kw>
<var name="${element}">&lt;selenium.webdriver.remote.webelement.WebElement (session="14c854dc8a5a550da5ba9101922b6afe", element="f.A1095FB0C135524173DE04437E45B6CD.d.5B1FD642F341DE07087D679D57813543.e.74")&gt;</var>
<status status="PASS" start="2024-12-17T14:55:54.310196" elapsed="0.049898"/>
</iter>
<var>${element}</var>
<value>@{elements}</value>
<status status="PASS" start="2024-12-17T14:55:54.102245" elapsed="0.257849"/>
</for>
<kw name="Lists Should Be Equal" owner="Collections">
<arg>${expected_list}</arg>
<arg>${actual_list}</arg>
<doc>Fails if given lists are unequal.</doc>
<status status="PASS" start="2024-12-17T14:55:54.360094" elapsed="0.001315"/>
</kw>
<status status="PASS" start="2024-12-17T14:55:54.057274" elapsed="0.304135"/>
</kw>
<kw name="Select The Card">
<kw name="Get WebElements" owner="SeleniumLibrary">
<msg time="2024-12-17T14:55:54.378011" level="INFO">${elements} = [&lt;selenium.webdriver.remote.webelement.WebElement (session="14c854dc8a5a550da5ba9101922b6afe", element="f.A1095FB0C135524173DE04437E45B6CD.d.5B1FD642F341DE07087D679D57813543.e.71")&gt;, &lt;selenium.webdriv...</msg>
<var>${elements}</var>
<arg>${card_titles}</arg>
<doc>Returns a list of WebElement objects matching the ``locator``.</doc>
<status status="PASS" start="2024-12-17T14:55:54.363276" elapsed="0.015737"/>
</kw>
<kw name="Create List" owner="BuiltIn">
<msg time="2024-12-17T14:55:54.380014" level="INFO">@{actual_list} = [ ]</msg>
<var>@{actual_list}</var>
<doc>Returns a list containing given items.</doc>
<status status="PASS" start="2024-12-17T14:55:54.379013" elapsed="0.001001"/>
</kw>
<kw name="Set Variable" owner="BuiltIn">
<msg time="2024-12-17T14:55:54.381016" level="INFO">${i} = 1</msg>
<var>${i}</var>
<arg>1</arg>
<doc>Returns the given values which can then be assigned to a variables.</doc>
<status status="PASS" start="2024-12-17T14:55:54.380014" elapsed="0.001002"/>
</kw>
<for flavor="IN">
<iter>
<kw name="Exit For Loop If" owner="BuiltIn">
<arg>'${pName}' == '${element.text}'</arg>
<doc>Stops executing the enclosing FOR loop if the ``condition`` is true.</doc>
<status status="PASS" start="2024-12-17T14:55:54.382011" elapsed="0.019543"/>
</kw>
<kw name="Evaluate" owner="BuiltIn">
<msg time="2024-12-17T14:55:54.402554" level="INFO">${i} = 2</msg>
<var>${i}</var>
<arg>${i}+1</arg>
<doc>Evaluates the given expression in Python and returns the result.</doc>
<status status="PASS" start="2024-12-17T14:55:54.402554" elapsed="0.000000"/>
</kw>
<var name="${element}">&lt;selenium.webdriver.remote.webelement.WebElement (session="14c854dc8a5a550da5ba9101922b6afe", element="f.A1095FB0C135524173DE04437E45B6CD.d.5B1FD642F341DE07087D679D57813543.e.71")&gt;</var>
<status status="PASS" start="2024-12-17T14:55:54.381016" elapsed="0.022538"/>
</iter>
<iter>
<kw name="Exit For Loop If" owner="BuiltIn">
<arg>'${pName}' == '${element.text}'</arg>
<doc>Stops executing the enclosing FOR loop if the ``condition`` is true.</doc>
<status status="PASS" start="2024-12-17T14:55:54.405068" elapsed="0.024692"/>
</kw>
<kw name="Evaluate" owner="BuiltIn">
<msg time="2024-12-17T14:55:54.430759" level="INFO">${i} = 3</msg>
<var>${i}</var>
<arg>${i}+1</arg>
<doc>Evaluates the given expression in Python and returns the result.</doc>
<status status="PASS" start="2024-12-17T14:55:54.429760" elapsed="0.000999"/>
</kw>
<var name="${element}">&lt;selenium.webdriver.remote.webelement.WebElement (session="14c854dc8a5a550da5ba9101922b6afe", element="f.A1095FB0C135524173DE04437E45B6CD.d.5B1FD642F341DE07087D679D57813543.e.72")&gt;</var>
<status status="PASS" start="2024-12-17T14:55:54.403554" elapsed="0.027205"/>
</iter>
<iter>
<kw name="Exit For Loop If" owner="BuiltIn">
<arg>'${pName}' == '${element.text}'</arg>
<doc>Stops executing the enclosing FOR loop if the ``condition`` is true.</doc>
<status status="PASS" start="2024-12-17T14:55:54.431755" elapsed="0.019012"/>
</kw>
<kw name="Evaluate" owner="BuiltIn">
<msg time="2024-12-17T14:55:54.451765" level="INFO">${i} = 4</msg>
<var>${i}</var>
<arg>${i}+1</arg>
<doc>Evaluates the given expression in Python and returns the result.</doc>
<status status="PASS" start="2024-12-17T14:55:54.450767" elapsed="0.000998"/>
</kw>
<var name="${element}">&lt;selenium.webdriver.remote.webelement.WebElement (session="14c854dc8a5a550da5ba9101922b6afe", element="f.A1095FB0C135524173DE04437E45B6CD.d.5B1FD642F341DE07087D679D57813543.e.73")&gt;</var>
<status status="PASS" start="2024-12-17T14:55:54.430759" elapsed="0.021006"/>
</iter>
<iter>
<kw name="Exit For Loop If" owner="BuiltIn">
<msg time="2024-12-17T14:55:54.475921" level="INFO">Exiting for loop altogether.</msg>
<arg>'${pName}' == '${element.text}'</arg>
<doc>Stops executing the enclosing FOR loop if the ``condition`` is true.</doc>
<status status="PASS" start="2024-12-17T14:55:54.452770" elapsed="0.023151"/>
</kw>
<kw name="Evaluate" owner="BuiltIn">
<var>${i}</var>
<arg>${i}+1</arg>
<doc>Evaluates the given expression in Python and returns the result.</doc>
<status status="NOT RUN" start="2024-12-17T14:55:54.476453" elapsed="0.000000"/>
</kw>
<var name="${element}">&lt;selenium.webdriver.remote.webelement.WebElement (session="14c854dc8a5a550da5ba9101922b6afe", element="f.A1095FB0C135524173DE04437E45B6CD.d.5B1FD642F341DE07087D679D57813543.e.74")&gt;</var>
<status status="PASS" start="2024-12-17T14:55:54.451765" elapsed="0.024688"/>
</iter>
<var>${element}</var>
<value>@{elements}</value>
<status status="PASS" start="2024-12-17T14:55:54.381016" elapsed="0.096454"/>
</for>
<kw name="Click Button" owner="SeleniumLibrary">
<msg time="2024-12-17T14:55:54.478468" level="INFO">Clicking button '(//button[@class='btn btn-info'])[4]'.</msg>
<arg>(//button[@class='btn btn-info'])[${i}]</arg>
<doc>Clicks the button identified by ``locator``.</doc>
<status status="PASS" start="2024-12-17T14:55:54.477470" elapsed="0.255023"/>
</kw>
<arg>Blackberry</arg>
<status status="PASS" start="2024-12-17T14:55:54.361409" elapsed="0.371084"/>
</kw>
<kw name="Close Browser" owner="SeleniumLibrary" type="TEARDOWN">
<doc>Closes the current browser.</doc>
<status status="PASS" start="2024-12-17T14:55:54.733492" elapsed="11.613708"/>
</kw>
<status status="PASS" start="2024-12-17T14:55:25.304636" elapsed="41.042564"/>
</test>
<test id="s1-s1-s4-t2" name="Select The Form and Navigate to Child Window" line="24">
<kw name="Open the web browser" owner="resource" type="SETUP">
<kw name="Open Browser" owner="SeleniumLibrary">
<msg time="2024-12-17T14:56:06.358122" level="INFO">Opening browser 'chrome' to base url 'https://rahulshettyacademy.com/loginpagePractise/'.</msg>
<arg>https://rahulshettyacademy.com/loginpagePractise/</arg>
<arg>chrome</arg>
<doc>Opens a new browser instance to the optional ``url``.</doc>
<status status="PASS" start="2024-12-17T14:56:06.353575" elapsed="12.712433"/>
</kw>
<kw name="Maximize Browser Window" owner="SeleniumLibrary">
<doc>Maximizes current browser window.</doc>
<status status="PASS" start="2024-12-17T14:56:19.066517" elapsed="0.270090"/>
</kw>
<status status="PASS" start="2024-12-17T14:56:06.348199" elapsed="12.989488"/>
</kw>
<kw name="Fill Login Details and Select the User">
<kw name="Input Text" owner="SeleniumLibrary">
<msg time="2024-12-17T14:56:19.367250" level="INFO">Typing text 'rahulshettyacademy' into text field 'id=username'.</msg>
<arg>id=username</arg>
<arg>${username}</arg>
<doc>Types the given ``text`` into the text field identified by ``locator``.</doc>
<status status="PASS" start="2024-12-17T14:56:19.366247" elapsed="0.237683"/>
</kw>
<kw name="Input Password" owner="SeleniumLibrary">
<msg time="2024-12-17T14:56:19.604535" level="INFO">Typing password into text field 'id=password'.</msg>
<msg time="2024-12-17T14:56:19.675821" level="INFO">Temporally setting log level to: NONE</msg>
<arg>id=password</arg>
<arg>${password}</arg>
<doc>Types the given password into the text field identified by ``locator``.</doc>
<status status="PASS" start="2024-12-17T14:56:19.604024" elapsed="0.181645"/>
</kw>
<kw name="Click Element" owner="SeleniumLibrary">
<msg time="2024-12-17T14:56:19.786940" level="INFO">Clicking element '//input[@value='user']'.</msg>
<arg>//input[@value='user']</arg>
<doc>Click the element identified by ``locator``.</doc>
<status status="PASS" start="2024-12-17T14:56:19.785669" elapsed="0.130284"/>
</kw>
<kw name="Wait Until Element Is Visible" owner="SeleniumLibrary">
<arg>id=okayBtn</arg>
<doc>Waits until the element ``locator`` is visible.</doc>
<status status="PASS" start="2024-12-17T14:56:19.915953" elapsed="0.306544"/>
</kw>
<kw name="Click Button" owner="SeleniumLibrary">
<msg time="2024-12-17T14:56:20.223497" level="INFO">Clicking button 'id=okayBtn'.</msg>
<arg>id=okayBtn</arg>
<doc>Clicks the button identified by ``locator``.</doc>
<status status="PASS" start="2024-12-17T14:56:20.222497" elapsed="0.127495"/>
</kw>
<kw name="Select From List By Value" owner="SeleniumLibrary">
<msg time="2024-12-17T14:56:20.350990" level="INFO">Selecting options from selection list 'xpath=//select' by value teach.</msg>
<arg>xpath=//select</arg>
<arg>teach</arg>
<doc>Selects options from selection list ``locator`` by ``values``.</doc>
<status status="PASS" start="2024-12-17T14:56:20.350990" elapsed="0.192762"/>
</kw>
<kw name="Select Checkbox" owner="SeleniumLibrary">
<msg time="2024-12-17T14:56:20.545298" level="INFO">Selecting checkbox 'terms'.</msg>
<arg>terms</arg>
<doc>Selects the checkbox identified by ``locator``.</doc>
<status status="PASS" start="2024-12-17T14:56:20.544285" elapsed="0.171878"/>
</kw>
<kw name="Checkbox Should Be Selected" owner="SeleniumLibrary">
<msg time="2024-12-17T14:56:20.716163" level="INFO">Verifying checkbox 'terms' is selected.</msg>
<arg>terms</arg>
<doc>Verifies checkbox ``locator`` is selected/checked.</doc>
<status status="PASS" start="2024-12-17T14:56:20.716163" elapsed="0.051063"/>
</kw>
<kw name="Click Element" owner="SeleniumLibrary">
<msg time="2024-12-17T14:56:20.768227" level="INFO">Clicking element 'signInBtn'.</msg>
<arg>signInBtn</arg>
<doc>Click the element identified by ``locator``.</doc>
<status status="PASS" start="2024-12-17T14:56:20.767226" elapsed="0.173657"/>
</kw>
<arg>${username}</arg>
<arg>${valid_password}</arg>
<status status="PASS" start="2024-12-17T14:56:19.337687" elapsed="1.603196"/>
</kw>
<kw name="Close Browser" owner="SeleniumLibrary" type="TEARDOWN">
<doc>Closes the current browser.</doc>
<status status="PASS" start="2024-12-17T14:56:20.942325" elapsed="10.133859"/>
</kw>
<status status="PASS" start="2024-12-17T14:56:06.348199" elapsed="24.728688"/>
</test>
<doc>This is some basic info about the suite</doc>
<status status="PASS" start="2024-12-17T14:55:18.921405" elapsed="72.155482"/>
</suite>
<suite id="s1-s1-s5" name="Windows" source="C:\development\robot-scripts\Rahul1\tests\windows.robot">
<test id="s1-s1-s5-t1" name="Validate Child Window Funcionality" line="12">
<kw name="Open the web browser" owner="resource" type="SETUP">
<kw name="Open Browser" owner="SeleniumLibrary">
<msg time="2024-12-17T14:55:24.711011" level="INFO">Opening browser 'chrome' to base url 'https://rahulshettyacademy.com/loginpagePractise/'.</msg>
<arg>https://rahulshettyacademy.com/loginpagePractise/</arg>
<arg>chrome</arg>
<doc>Opens a new browser instance to the optional ``url``.</doc>
<status status="PASS" start="2024-12-17T14:55:24.709920" elapsed="27.242120"/>
</kw>
<kw name="Maximize Browser Window" owner="SeleniumLibrary">
<doc>Maximizes current browser window.</doc>
<status status="PASS" start="2024-12-17T14:55:51.952552" elapsed="0.090274"/>
</kw>
<status status="PASS" start="2024-12-17T14:55:24.707918" elapsed="27.334908"/>
</kw>
<kw name="Select Link of Child Window">
<kw name="Click Element" owner="SeleniumLibrary">
<msg time="2024-12-17T14:55:52.064776" level="INFO">Clicking element 'xpath=//a[@href='https://rahulshettyacademy.com/documents-request']'.</msg>
<arg>xpath=//a[@href='https://rahulshettyacademy.com/documents-request']</arg>
<doc>Click the element identified by ``locator``.</doc>
<status status="PASS" start="2024-12-17T14:55:52.062920" elapsed="0.586064"/>
</kw>
<kw name="Switch Window" owner="SeleniumLibrary">
<arg>NEW</arg>
<doc>Switches to browser window matching ``locator``.</doc>
<status status="PASS" start="2024-12-17T14:55:52.648984" elapsed="0.163113"/>
</kw>
<status status="PASS" start="2024-12-17T14:55:52.044902" elapsed="0.768193"/>
</kw>
<kw name="Verify if user is switched to Child Window">
<kw name="Wait Until Element Is Visible" owner="SeleniumLibrary">
<arg>${nav_bar}</arg>
<doc>Waits until the element ``locator`` is visible.</doc>
<status status="PASS" start="2024-12-17T14:55:52.814607" elapsed="12.039621"/>
</kw>
<kw name="Page Should Contain Element" owner="SeleniumLibrary">
<msg time="2024-12-17T14:56:04.875629" level="INFO">Current page contains element 'xpath=//div[@class='navbar-collapse collapse clearfix']'.</msg>
<arg>${nav_bar}</arg>
<doc>Verifies that element ``locator`` is found on the current page.</doc>
<status status="PASS" start="2024-12-17T14:56:04.854228" elapsed="0.021401"/>
</kw>
<status status="PASS" start="2024-12-17T14:55:52.813095" elapsed="12.062534"/>
</kw>
<kw name="Grab Email in child window">
<kw name="Get Text" owner="SeleniumLibrary">
<msg time="2024-12-17T14:56:04.933289" level="INFO">${text} = Please email us at mentor@rahulshettyacademy.com with below template to receive response</msg>
<var>${text}</var>
<arg>xpath=//p[@class='im-para red']</arg>
<doc>Returns the text value of the element identified by ``locator``.</doc>
<status status="PASS" start="2024-12-17T14:56:04.875629" elapsed="0.058692"/>
</kw>
<kw name="Split String ${text}">
<msg time="2024-12-17T14:56:04.938321" level="FAIL">No keyword with name 'Split String ${text}' found. Did you try using keyword 'String.Split String' and forgot to use enough whitespace between keyword and arguments?</msg>
<var>${word}</var>
<arg>at</arg>
<status status="FAIL" start="2024-12-17T14:56:04.937307" elapsed="0.001014">No keyword with name 'Split String ${text}' found. Did you try using keyword 'String.Split String' and forgot to use enough whitespace between keyword and arguments?</status>
</kw>
<kw name="Get From List" owner="Collections">
<var>${sec}</var>
<arg>${word}</arg>
<arg>1</arg>
<doc>Returns the value specified with an ``index`` from ``list``.</doc>
<status status="NOT RUN" start="2024-12-17T14:56:04.938321" elapsed="0.000000"/>
</kw>
<kw name="Split String" owner="String">
<var>${words}</var>
<arg>${sec}</arg>
<doc>Splits the ``string`` using ``separator`` as a delimiter string.</doc>
<status status="NOT RUN" start="2024-12-17T14:56:04.939718" elapsed="0.000000"/>
</kw>
<kw name="Get From List" owner="Collections">
<var>${email}</var>
<arg>${word}</arg>
<arg>0</arg>
<doc>Returns the value specified with an ``index`` from ``list``.</doc>
<status status="NOT RUN" start="2024-12-17T14:56:04.939718" elapsed="0.001014"/>
</kw>
<status status="FAIL" start="2024-12-17T14:56:04.875629" elapsed="0.065103">No keyword with name 'Split String ${text}' found. Did you try using keyword 'String.Split String' and forgot to use enough whitespace between keyword and arguments?</status>
</kw>
<kw name="Switch to Parent Window and enter Email">
<status status="NOT RUN" start="2024-12-17T14:56:04.940732" elapsed="0.000000"/>
</kw>
<kw name="Close Browser" owner="SeleniumLibrary" type="TEARDOWN">
<doc>Closes the current browser.</doc>
<status status="PASS" start="2024-12-17T14:56:04.940732" elapsed="4.296298"/>
</kw>
<status status="FAIL" start="2024-12-17T14:55:24.707918" elapsed="44.529194">No keyword with name 'Split String ${text}' found. Did you try using keyword 'String.Split String' and forgot to use enough whitespace between keyword and arguments?</status>
</test>
<doc>This is some basic info about the suite</doc>
<status status="FAIL" start="2024-12-17T14:55:18.487808" elapsed="50.750249"/>
</suite>
<suite id="s1-s1-s6" name="csvParam" source="C:\development\robot-scripts\Rahul1\tests\csvParam.robot">
<test id="s1-s1-s6-t1" name="Invalid Username" line="14">
<kw name="Open the web browser" type="SETUP">
<kw name="Open Browser" owner="SeleniumLibrary">
<msg time="2024-12-17T14:55:23.966092" level="INFO">Opening browser 'chrome' to base url 'https://rahulshettyacademy.com/loginpagePractise/'.</msg>
<arg>https://rahulshettyacademy.com/loginpagePractise/</arg>
<arg>chrome</arg>
<doc>Opens a new browser instance to the optional ``url``.</doc>
<status status="PASS" start="2024-12-17T14:55:23.964770" elapsed="17.763839"/>
</kw>
<status status="PASS" start="2024-12-17T14:55:23.962767" elapsed="17.765842"/>
</kw>
<kw name="Validate Unsucessful login">
<kw name="Open the web browser">
<kw name="Open Browser" owner="SeleniumLibrary">
<msg time="2024-12-17T14:55:41.738497" level="INFO">Opening browser 'chrome' to base url 'https://rahulshettyacademy.com/loginpagePractise/'.</msg>
<arg>https://rahulshettyacademy.com/loginpagePractise/</arg>
<arg>chrome</arg>
<doc>Opens a new browser instance to the optional ``url``.</doc>
<status status="PASS" start="2024-12-17T14:55:41.735605" elapsed="19.449412"/>
</kw>
<status status="PASS" start="2024-12-17T14:55:41.735605" elapsed="19.450364"/>
</kw>
<kw name="Enter credentials">
<kw name="Input Text" owner="SeleniumLibrary">
<msg time="2024-12-17T14:56:01.193347" level="INFO">Typing text 'ewjbdob' into text field 'id=username'.</msg>
<arg>id=username</arg>
<arg>${username}</arg>
<doc>Types the given ``text`` into the text field identified by ``locator``.</doc>
<status status="PASS" start="2024-12-17T14:56:01.191824" elapsed="0.183211"/>
</kw>
<kw name="Input Password" owner="SeleniumLibrary">
<msg time="2024-12-17T14:56:01.376046" level="INFO">Typing password into text field 'id=password'.</msg>
<msg time="2024-12-17T14:56:01.451255" level="INFO">Temporally setting log level to: NONE</msg>
<arg>id=password</arg>
<arg>${password}</arg>
<doc>Types the given password into the text field identified by ``locator``.</doc>
<status status="PASS" start="2024-12-17T14:56:01.375035" elapsed="0.142089"/>
</kw>
<kw name="Select From List By Value" owner="SeleniumLibrary">
<msg time="2024-12-17T14:56:01.518126" level="INFO">Selecting options from selection list 'xpath=//select' by value teach.</msg>
<arg>xpath=//select</arg>
<arg>teach</arg>
<doc>Selects options from selection list ``locator`` by ``values``.</doc>
<status status="PASS" start="2024-12-17T14:56:01.517124" elapsed="0.104945"/>
</kw>
<kw name="Click Element" owner="SeleniumLibrary">
<msg time="2024-12-17T14:56:01.623651" level="INFO">Clicking element 'signInBtn'.</msg>
<arg>signInBtn</arg>
<doc>Click the element identified by ``locator``.</doc>
<status status="PASS" start="2024-12-17T14:56:01.622069" elapsed="0.069902"/>
</kw>
<arg>${username}</arg>
<arg>${password}</arg>
<status status="PASS" start="2024-12-17T14:56:01.185969" elapsed="0.506002"/>
</kw>
<kw name="Wait until Error messege is displayed">
<kw name="Wait Until Element Is Visible" owner="SeleniumLibrary">
<arg>${Error_alert_Login}</arg>
<doc>Waits until the element ``locator`` is visible.</doc>
<status status="PASS" start="2024-12-17T14:56:01.693486" elapsed="2.135433"/>
</kw>
<status status="PASS" start="2024-12-17T14:56:01.691971" elapsed="2.137952"/>
</kw>
<kw name="Verify if error message is correct">
<kw name="Element Text Should Be" owner="SeleniumLibrary">
<msg time="2024-12-17T14:56:03.831435" level="INFO">Verifying element 'css=.alert-danger' contains exact text 'Incorrect username/password.'.</msg>
<arg>${Error_alert_Login}</arg>
<arg>Incorrect username/password.</arg>
<doc>Verifies that element ``locator`` contains exact the text ``expected``.</doc>
<status status="PASS" start="2024-12-17T14:56:03.830922" elapsed="0.044876"/>
</kw>
<status status="PASS" start="2024-12-17T14:56:03.829923" elapsed="0.046533"/>
</kw>
<arg>username=ewjbdob</arg>
<arg>password=learning</arg>
<status status="PASS" start="2024-12-17T14:55:41.729604" elapsed="22.146852"/>
</kw>
<kw name="Close Browser" owner="SeleniumLibrary" type="TEARDOWN">
<doc>Closes the current browser.</doc>
<status status="PASS" start="2024-12-17T14:56:03.876456" elapsed="3.824121"/>
</kw>
<status status="PASS" start="2024-12-17T14:55:23.959585" elapsed="43.740992"/>
</test>
<test id="s1-s1-s6-t2" name="Invalid Password" line="14">
<kw name="Open the web browser" type="SETUP">
<kw name="Open Browser" owner="SeleniumLibrary">
<msg time="2024-12-17T14:56:07.704587" level="INFO">Opening browser 'chrome' to base url 'https://rahulshettyacademy.com/loginpagePractise/'.</msg>
<arg>https://rahulshettyacademy.com/loginpagePractise/</arg>
<arg>chrome</arg>
<doc>Opens a new browser instance to the optional ``url``.</doc>
<status status="PASS" start="2024-12-17T14:56:07.704077" elapsed="15.558259"/>
</kw>
<status status="PASS" start="2024-12-17T14:56:07.703567" elapsed="15.559779"/>
</kw>
<kw name="Validate Unsucessful login">
<kw name="Open the web browser">
<kw name="Open Browser" owner="SeleniumLibrary">
<msg time="2024-12-17T14:56:23.274569" level="INFO">Opening browser 'chrome' to base url 'https://rahulshettyacademy.com/loginpagePractise/'.</msg>
<arg>https://rahulshettyacademy.com/loginpagePractise/</arg>
<arg>chrome</arg>
<doc>Opens a new browser instance to the optional ``url``.</doc>
<status status="PASS" start="2024-12-17T14:56:23.273453" elapsed="9.493743"/>
</kw>
<status status="PASS" start="2024-12-17T14:56:23.270322" elapsed="9.496874"/>
</kw>
<kw name="Enter credentials">
<kw name="Input Text" owner="SeleniumLibrary">
<msg time="2024-12-17T14:56:32.769217" level="INFO">Typing text 'rahulshettyacademy' into text field 'id=username'.</msg>
<arg>id=username</arg>
<arg>${username}</arg>
<doc>Types the given ``text`` into the text field identified by ``locator``.</doc>
<status status="PASS" start="2024-12-17T14:56:32.768217" elapsed="0.366613"/>
</kw>
<kw name="Input Password" owner="SeleniumLibrary">
<msg time="2024-12-17T14:56:33.138863" level="INFO">Typing password into text field 'id=password'.</msg>
<msg time="2024-12-17T14:56:33.233281" level="INFO">Temporally setting log level to: NONE</msg>
<arg>id=password</arg>
<arg>${password}</arg>
<doc>Types the given password into the text field identified by ``locator``.</doc>
<status status="PASS" start="2024-12-17T14:56:33.134830" elapsed="0.179672"/>
</kw>
<kw name="Select From List By Value" owner="SeleniumLibrary">
<msg time="2024-12-17T14:56:33.320028" level="INFO">Selecting options from selection list 'xpath=//select' by value teach.</msg>
<arg>xpath=//select</arg>
<arg>teach</arg>
<doc>Selects options from selection list ``locator`` by ``values``.</doc>
<status status="PASS" start="2024-12-17T14:56:33.315011" elapsed="0.146794"/>
</kw>
<kw name="Click Element" owner="SeleniumLibrary">
<msg time="2024-12-17T14:56:33.464340" level="INFO">Clicking element 'signInBtn'.</msg>
<arg>signInBtn</arg>
<doc>Click the element identified by ``locator``.</doc>
<status status="PASS" start="2024-12-17T14:56:33.463318" elapsed="0.138637"/>
</kw>
<arg>${username}</arg>
<arg>${password}</arg>
<status status="PASS" start="2024-12-17T14:56:32.767196" elapsed="0.834759"/>
</kw>
<kw name="Wait until Error messege is displayed">
<kw name="Wait Until Element Is Visible" owner="SeleniumLibrary">
<arg>${Error_alert_Login}</arg>
<doc>Waits until the element ``locator`` is visible.</doc>
<status status="PASS" start="2024-12-17T14:56:33.601955" elapsed="2.179681"/>
</kw>
<status status="PASS" start="2024-12-17T14:56:33.601955" elapsed="2.179739"/>
</kw>
<kw name="Verify if error message is correct">
<kw name="Element Text Should Be" owner="SeleniumLibrary">
<msg time="2024-12-17T14:56:35.782726" level="INFO">Verifying element 'css=.alert-danger' contains exact text 'Incorrect username/password.'.</msg>
<arg>${Error_alert_Login}</arg>
<arg>Incorrect username/password.</arg>
<doc>Verifies that element ``locator`` contains exact the text ``expected``.</doc>
<status status="PASS" start="2024-12-17T14:56:35.782726" elapsed="0.035531"/>
</kw>
<status status="PASS" start="2024-12-17T14:56:35.781694" elapsed="0.036563"/>
</kw>
<arg>username=rahulshettyacademy</arg>
<arg>password=nwjnnrjdw</arg>
<status status="PASS" start="2024-12-17T14:56:23.263346" elapsed="12.554911"/>
</kw>
<kw name="Close Browser" owner="SeleniumLibrary" type="TEARDOWN">
<doc>Closes the current browser.</doc>
<status status="PASS" start="2024-12-17T14:56:35.819303" elapsed="5.847251"/>
</kw>
<status status="PASS" start="2024-12-17T14:56:07.701569" elapsed="33.964985"/>
</test>
<test id="s1-s1-s6-t3" name="Special Charecters" line="14">
<kw name="Open the web browser" type="SETUP">
<kw name="Open Browser" owner="SeleniumLibrary">
<msg time="2024-12-17T14:56:41.671084" level="INFO">Opening browser 'chrome' to base url 'https://rahulshettyacademy.com/loginpagePractise/'.</msg>
<arg>https://rahulshettyacademy.com/loginpagePractise/</arg>
<arg>chrome</arg>
<doc>Opens a new browser instance to the optional ``url``.</doc>
<status status="PASS" start="2024-12-17T14:56:41.670069" elapsed="8.969139"/>
</kw>
<status status="PASS" start="2024-12-17T14:56:41.669796" elapsed="8.969412"/>
</kw>
<kw name="Validate Unsucessful login">
<kw name="Open the web browser">
<kw name="Open Browser" owner="SeleniumLibrary">
<msg time="2024-12-17T14:56:50.647549" level="INFO">Opening browser 'chrome' to base url 'https://rahulshettyacademy.com/loginpagePractise/'.</msg>
<arg>https://rahulshettyacademy.com/loginpagePractise/</arg>
<arg>chrome</arg>
<doc>Opens a new browser instance to the optional ``url``.</doc>
<status status="PASS" start="2024-12-17T14:56:50.646546" elapsed="9.912435"/>
</kw>
<status status="PASS" start="2024-12-17T14:56:50.645534" elapsed="9.913447"/>
</kw>
<kw name="Enter credentials">
<kw name="Input Text" owner="SeleniumLibrary">
<msg time="2024-12-17T14:57:00.562823" level="INFO">Typing text '$#!@^%&amp;&amp;$' into text field 'id=username'.</msg>
<arg>id=username</arg>
<arg>${username}</arg>
<doc>Types the given ``text`` into the text field identified by ``locator``.</doc>
<status status="PASS" start="2024-12-17T14:57:00.561433" elapsed="0.301873"/>
</kw>
<kw name="Input Password" owner="SeleniumLibrary">
<msg time="2024-12-17T14:57:00.869703" level="INFO">Typing password into text field 'id=password'.</msg>
<msg time="2024-12-17T14:57:00.931098" level="INFO">Temporally setting log level to: NONE</msg>
<arg>id=password</arg>
<arg>${password}</arg>
<doc>Types the given password into the text field identified by ``locator``.</doc>
<status status="PASS" start="2024-12-17T14:57:00.864321" elapsed="0.208107"/>
</kw>
<kw name="Select From List By Value" owner="SeleniumLibrary">
<msg time="2024-12-17T14:57:01.073432" level="INFO">Selecting options from selection list 'xpath=//select' by value teach.</msg>
<arg>xpath=//select</arg>
<arg>teach</arg>
<doc>Selects options from selection list ``locator`` by ``values``.</doc>
<status status="PASS" start="2024-12-17T14:57:01.072428" elapsed="0.161012"/>
</kw>
<kw name="Click Element" owner="SeleniumLibrary">
<msg time="2024-12-17T14:57:01.234463" level="INFO">Clicking element 'signInBtn'.</msg>
<arg>signInBtn</arg>
<doc>Click the element identified by ``locator``.</doc>
<status status="PASS" start="2024-12-17T14:57:01.233950" elapsed="0.089935"/>
</kw>
<arg>${username}</arg>
<arg>${password}</arg>
<status status="PASS" start="2024-12-17T14:57:00.560410" elapsed="0.763475"/>
</kw>
<kw name="Wait until Error messege is displayed">
<kw name="Wait Until Element Is Visible" owner="SeleniumLibrary">
<arg>${Error_alert_Login}</arg>
<doc>Waits until the element ``locator`` is visible.</doc>
<status status="PASS" start="2024-12-17T14:57:01.325411" elapsed="2.038993"/>
</kw>
<status status="PASS" start="2024-12-17T14:57:01.324397" elapsed="2.040007"/>
</kw>
<kw name="Verify if error message is correct">
<kw name="Element Text Should Be" owner="SeleniumLibrary">
<msg time="2024-12-17T14:57:03.366426" level="INFO">Verifying element 'css=.alert-danger' contains exact text 'Incorrect username/password.'.</msg>
<arg>${Error_alert_Login}</arg>
<arg>Incorrect username/password.</arg>
<doc>Verifies that element ``locator`` contains exact the text ``expected``.</doc>
<status status="PASS" start="2024-12-17T14:57:03.366108" elapsed="0.033673"/>
</kw>
<status status="PASS" start="2024-12-17T14:57:03.365417" elapsed="0.034364"/>
</kw>
<arg>username=$#!@^%&amp;&amp;$</arg>
<arg>password=&amp;^#%&amp;^#%&amp;</arg>
<status status="PASS" start="2024-12-17T14:56:50.640210" elapsed="12.761033"/>
</kw>
<kw name="Close Browser" owner="SeleniumLibrary" type="TEARDOWN">
<doc>Closes the current browser.</doc>
<status status="PASS" start="2024-12-17T14:57:03.401243" elapsed="5.311104"/>
</kw>
<status status="PASS" start="2024-12-17T14:56:41.667552" elapsed="27.044795"/>
</test>
<status status="PASS" start="2024-12-17T14:55:17.710686" elapsed="111.003176"/>
</suite>
<suite id="s1-s1-s7" name="custLibs" source="C:\development\robot-scripts\Rahul1\tests\custLibs.robot">
<test id="s1-s1-s7-t1" name="Verify the cards are displayed" line="20">
<kw name="Open the web browser" owner="resource" type="SETUP">
<kw name="Open Browser" owner="SeleniumLibrary">
<msg time="2024-12-17T14:55:25.552569" level="INFO">Opening browser 'chrome' to base url 'https://rahulshettyacademy.com/loginpagePractise/'.</msg>
<arg>https://rahulshettyacademy.com/loginpagePractise/</arg>
<arg>chrome</arg>
<doc>Opens a new browser instance to the optional ``url``.</doc>
<status status="PASS" start="2024-12-17T14:55:25.551568" elapsed="24.033562"/>
</kw>
<kw name="Maximize Browser Window" owner="SeleniumLibrary">
<doc>Maximizes current browser window.</doc>
<status status="PASS" start="2024-12-17T14:55:49.585639" elapsed="0.215850"/>
</kw>
<status status="PASS" start="2024-12-17T14:55:25.550566" elapsed="24.251435"/>
</kw>
<kw name="Enter credentials">
<kw name="Input Text" owner="SeleniumLibrary">
<msg time="2024-12-17T14:55:49.816538" level="INFO">Typing text 'rahulshettyacademy' into text field 'id=username'.</msg>
<arg>id=username</arg>
<arg>${username}</arg>
<doc>Types the given ``text`` into the text field identified by ``locator``.</doc>
<status status="PASS" start="2024-12-17T14:55:49.815022" elapsed="0.519991"/>
</kw>
<kw name="Input Password" owner="SeleniumLibrary">
<msg time="2024-12-17T14:55:50.336036" level="INFO">Typing password into text field 'id=password'.</msg>
<msg time="2024-12-17T14:55:50.426407" level="INFO">Temporally setting log level to: NONE</msg>
<arg>id=password</arg>
<arg>${password}</arg>
<doc>Types the given password into the text field identified by ``locator``.</doc>
<status status="PASS" start="2024-12-17T14:55:50.335013" elapsed="0.209500"/>
</kw>
<kw name="Select From List By Value" owner="SeleniumLibrary">
<msg time="2024-12-17T14:55:50.545514" level="INFO">Selecting options from selection list 'xpath=//select' by value teach.</msg>
<arg>xpath=//select</arg>
<arg>teach</arg>
<doc>Selects options from selection list ``locator`` by ``values``.</doc>
<status status="PASS" start="2024-12-17T14:55:50.544513" elapsed="0.196778"/>
</kw>
<kw name="Click Element" owner="SeleniumLibrary">
<msg time="2024-12-17T14:55:50.742558" level="INFO">Clicking element 'signInBtn'.</msg>
<arg>signInBtn</arg>
<doc>Click the element identified by ``locator``.</doc>
<status status="PASS" start="2024-12-17T14:55:50.742558" elapsed="0.179451"/>
</kw>
<arg>${username}</arg>
<arg>${valid_password}</arg>
<status status="PASS" start="2024-12-17T14:55:49.802001" elapsed="1.120008"/>
</kw>
<kw name="Wait until Element is displayed">
<kw name="Wait Until Element Is Visible" owner="SeleniumLibrary">
<arg>${element}</arg>
<doc>Waits until the element ``locator`` is visible.</doc>
<status status="PASS" start="2024-12-17T14:55:50.924290" elapsed="4.235538"/>
</kw>
<arg>${element_row}</arg>
<status status="PASS" start="2024-12-17T14:55:50.923265" elapsed="4.237564"/>
</kw>
<kw name="Verify Card Titles">
<kw name="Create List" owner="BuiltIn">
<msg time="2024-12-17T14:55:55.163342" level="INFO">@{expected_list} = [ iphone X | Samsung Note 8 | Nokia Edge | Blackberry ]</msg>
<var>@{expected_list}</var>
<arg>iphone X</arg>
<arg>Samsung Note 8</arg>
<arg>Nokia Edge</arg>
<arg>Blackberry</arg>
<doc>Returns a list containing given items.</doc>
<status status="PASS" start="2024-12-17T14:55:55.161832" elapsed="0.001510"/>
</kw>
<kw name="Get WebElements" owner="SeleniumLibrary">
<msg time="2024-12-17T14:55:55.227439" level="INFO">${elements} = [&lt;selenium.webdriver.remote.webelement.WebElement (session="9ebffd6e4eca95c08924a743f40768fc", element="f.D03726C3EE4F6A7479B1202BA1665F4D.d.389FCAE4E6B36CFF3321A2F93E70C141.e.67")&gt;, &lt;selenium.webdriv...</msg>
<var>${elements}</var>
<arg>${card_titles}</arg>
<doc>Returns a list of WebElement objects matching the ``locator``.</doc>
<status status="PASS" start="2024-12-17T14:55:55.163342" elapsed="0.064097"/>
</kw>
<kw name="Create List" owner="BuiltIn">
<msg time="2024-12-17T14:55:55.227439" level="INFO">@{actual_list} = [ ]</msg>
<var>@{actual_list}</var>
<doc>Returns a list containing given items.</doc>
<status status="PASS" start="2024-12-17T14:55:55.227439" elapsed="0.001348"/>
</kw>
<for flavor="IN">
<iter>
<kw name="Log" owner="BuiltIn">
<msg time="2024-12-17T14:55:55.277567" level="INFO">iphone X</msg>
<arg>${element.text}</arg>
<doc>Logs the given message with the given level.</doc>
<status status="PASS" start="2024-12-17T14:55:55.229914" elapsed="0.047653"/>
</kw>
<kw name="Append To List" owner="Collections">
<arg>${actual_list}</arg>
<arg>${element.text}</arg>
<doc>Adds ``values`` to the end of ``list``.</doc>
<status status="PASS" start="2024-12-17T14:55:55.277567" elapsed="0.016555"/>
</kw>
<var name="${element}">&lt;selenium.webdriver.remote.webelement.WebElement (session="9ebffd6e4eca95c08924a743f40768fc", element="f.D03726C3EE4F6A7479B1202BA1665F4D.d.389FCAE4E6B36CFF3321A2F93E70C141.e.67")&gt;</var>
<status status="PASS" start="2024-12-17T14:55:55.228787" elapsed="0.065335"/>
</iter>
<iter>
<kw name="Log" owner="BuiltIn">
<msg time="2024-12-17T14:55:55.311974" level="INFO">Samsung Note 8</msg>
<arg>${element.text}</arg>
<doc>Logs the given message with the given level.</doc>
<status status="PASS" start="2024-12-17T14:55:55.295139" elapsed="0.016835"/>
</kw>
<kw name="Append To List" owner="Collections">
<arg>${actual_list}</arg>
<arg>${element.text}</arg>
<doc>Adds ``values`` to the end of ``list``.</doc>
<status status="PASS" start="2024-12-17T14:55:55.311974" elapsed="0.019914"/>
</kw>
<var name="${element}">&lt;selenium.webdriver.remote.webelement.WebElement (session="9ebffd6e4eca95c08924a743f40768fc", element="f.D03726C3EE4F6A7479B1202BA1665F4D.d.389FCAE4E6B36CFF3321A2F93E70C141.e.68")&gt;</var>
<status status="PASS" start="2024-12-17T14:55:55.294122" elapsed="0.037766"/>
</iter>
<iter>
<kw name="Log" owner="BuiltIn">
<msg time="2024-12-17T14:55:55.354188" level="INFO">Nokia Edge</msg>
<arg>${element.text}</arg>
<doc>Logs the given message with the given level.</doc>
<status status="PASS" start="2024-12-17T14:55:55.331888" elapsed="0.022300"/>
</kw>
<kw name="Append To List" owner="Collections">
<arg>${actual_list}</arg>
<arg>${element.text}</arg>
<doc>Adds ``values`` to the end of ``list``.</doc>
<status status="PASS" start="2024-12-17T14:55:55.355848" elapsed="0.021034"/>
</kw>
<var name="${element}">&lt;selenium.webdriver.remote.webelement.WebElement (session="9ebffd6e4eca95c08924a743f40768fc", element="f.D03726C3EE4F6A7479B1202BA1665F4D.d.389FCAE4E6B36CFF3321A2F93E70C141.e.69")&gt;</var>
<status status="PASS" start="2024-12-17T14:55:55.331888" elapsed="0.044994"/>
</iter>
<iter>
<kw name="Log" owner="BuiltIn">
<msg time="2024-12-17T14:55:55.394491" level="INFO">Blackberry</msg>
<arg>${element.text}</arg>
<doc>Logs the given message with the given level.</doc>
<status status="PASS" start="2024-12-17T14:55:55.376882" elapsed="0.017609"/>
</kw>
<kw name="Append To List" owner="Collections">
<arg>${actual_list}</arg>
<arg>${element.text}</arg>
<doc>Adds ``values`` to the end of ``list``.</doc>
<status status="PASS" start="2024-12-17T14:55:55.394491" elapsed="0.017589"/>
</kw>
<var name="${element}">&lt;selenium.webdriver.remote.webelement.WebElement (session="9ebffd6e4eca95c08924a743f40768fc", element="f.D03726C3EE4F6A7479B1202BA1665F4D.d.389FCAE4E6B36CFF3321A2F93E70C141.e.70")&gt;</var>
<status status="PASS" start="2024-12-17T14:55:55.376882" elapsed="0.035198"/>
</iter>
<var>${element}</var>
<value>@{elements}</value>
<status status="PASS" start="2024-12-17T14:55:55.228787" elapsed="0.183293"/>
</for>
<kw name="Lists Should Be Equal" owner="Collections">
<arg>${expected_list}</arg>
<arg>${actual_list}</arg>
<doc>Fails if given lists are unequal.</doc>
<status status="PASS" start="2024-12-17T14:55:55.412080" elapsed="0.001514"/>
</kw>
<status status="PASS" start="2024-12-17T14:55:55.160829" elapsed="0.253298"/>
</kw>
<kw name="Add Items To Cart And Checkout" owner="Shop">
<msg time="2024-12-17T14:55:55.415145" level="FAIL">Keyword 'Shop.Add Items To Cart And Checkout' expected 1 argument, got 2.</msg>
<arg>@{ListofProducts}</arg>
<status status="FAIL" start="2024-12-17T14:55:55.414127" elapsed="0.001018">Keyword 'Shop.Add Items To Cart And Checkout' expected 1 argument, got 2.</status>
</kw>
<kw name="Close Browser" owner="SeleniumLibrary" type="TEARDOWN">
<doc>Closes the current browser.</doc>
<status status="PASS" start="2024-12-17T14:55:55.415145" elapsed="7.018379"/>
</kw>
<status status="FAIL" start="2024-12-17T14:55:25.549567" elapsed="36.883957">Keyword 'Shop.Add Items To Cart And Checkout' expected 1 argument, got 2.</status>
</test>
<doc>This is some basic info about the suite</doc>
<status status="FAIL" start="2024-12-17T14:55:19.152425" elapsed="43.282110"/>
</suite>
<status status="FAIL" start="2024-12-17T14:55:17.173000" elapsed="111.542000"/>
</suite>
<doc>[https://pabot.org/?ref=log|Pabot] result from 7 executions.</doc>
<status status="FAIL" start="2024-12-17T14:55:17.125000" elapsed="111.592000"/>
</suite>
<statistics>
<total>
<stat pass="10" fail="2" skip="0">All Tests</stat>
</total>
<tag>
</tag>
<suite>
<stat pass="10" fail="2" skip="0" id="s1" name="Rahul1">Rahul1</stat>
<stat pass="10" fail="2" skip="0" id="s1-s1" name="Tests">Rahul1.Tests</stat>
<stat pass="3" fail="0" skip="0" id="s1-s1-s1" name="Param">Rahul1.Tests.Param</stat>
<stat pass="1" fail="0" skip="0" id="s1-s1-s2" name="Pom">Rahul1.Tests.Pom</stat>
<stat pass="1" fail="0" skip="0" id="s1-s1-s3" name="Test1">Rahul1.Tests.Test1</stat>
<stat pass="2" fail="0" skip="0" id="s1-s1-s4" name="Test2">Rahul1.Tests.Test2</stat>
<stat pass="0" fail="1" skip="0" id="s1-s1-s5" name="Windows">Rahul1.Tests.Windows</stat>
<stat pass="3" fail="0" skip="0" id="s1-s1-s6" name="csvParam">Rahul1.Tests.csvParam</stat>
<stat pass="0" fail="1" skip="0" id="s1-s1-s7" name="custLibs">Rahul1.Tests.custLibs</stat>
</suite>
</statistics>
<errors>
<msg time="2024-12-17T14:55:23.918586" level="ERROR">Error in file 'C:\development\robot-scripts\Rahul1\tests\csvParam.robot' on line 6: Resource file 'resouce.robot' does not exist.</msg>
</errors>
</robot>
