<?xml version="1.0" encoding="UTF-8"?>
<robot generator="Robot 7.1.1 (Python 3.11.0 on win32)" generated="2024-12-17T16:56:05.030146" rpa="false" schemaversion="5">
<suite id="s1" name="apiTesting" source="C:\development\robot-scripts\Rahul1\Tests\apiTesting.robot">
<test id="s1-t1" name="Exploring Dictinoary" line="14">
<kw name="Create Dictionary" owner="BuiltIn">
<msg time="2024-12-17T16:56:06.622074" level="INFO">&amp;{data} = { name=Rajabhishek | course=robot | designation=PAT }</msg>
<var>&amp;{data}</var>
<arg>name=Rajabhishek</arg>
<arg>course=robot</arg>
<arg>designation=PAT</arg>
<doc>Creates and returns a dictionary based on the given ``items``.</doc>
<status status="PASS" start="2024-12-17T16:56:06.621075" elapsed="0.000999"/>
</kw>
<kw name="Log" owner="BuiltIn">
<msg time="2024-12-17T16:56:06.622074" level="INFO">{'name': 'Rajabhishek', 'course': 'robot', 'designation': 'PAT'}</msg>
<arg>${data}</arg>
<doc>Logs the given message with the given level.</doc>
<status status="PASS" start="2024-12-17T16:56:06.622074" elapsed="0.000000"/>
</kw>
<kw name="Dictionary Should Contain Key" owner="Collections">
<arg>${data}</arg>
<arg>name</arg>
<doc>Fails if ``key`` is not found from ``dictionary``.</doc>
<status status="PASS" start="2024-12-17T16:56:06.623077" elapsed="0.000000"/>
</kw>
<kw name="Log" owner="BuiltIn">
<msg time="2024-12-17T16:56:06.623077" level="INFO">Rajabhishek</msg>
<arg>${data}[name]</arg>
<doc>Logs the given message with the given level.</doc>
<status status="PASS" start="2024-12-17T16:56:06.623077" elapsed="0.000000"/>
</kw>
<kw name="Get From Dictionary" owner="Collections">
<msg time="2024-12-17T16:56:06.624072" level="INFO">${url} = Rajabhishek</msg>
<var>${url}</var>
<arg>${data}</arg>
<arg>name</arg>
<doc>Returns a value from the given ``dictionary`` based on the given ``key``.</doc>
<status status="PASS" start="2024-12-17T16:56:06.623077" elapsed="0.000995"/>
</kw>
<kw name="Log" owner="BuiltIn">
<msg time="2024-12-17T16:56:06.624072" level="INFO">Rajabhishek</msg>
<arg>${url}</arg>
<doc>Logs the given message with the given level.</doc>
<status status="PASS" start="2024-12-17T16:56:06.624072" elapsed="0.000000"/>
</kw>
<tag>API</tag>
<status status="PASS" start="2024-12-17T16:56:06.620084" elapsed="0.003988"/>
</test>
<test id="s1-t2" name="Add Book into Library DataBase" line="24">
<kw name="Create Dictionary" owner="BuiltIn">
<msg time="2024-12-17T16:56:06.626109" level="INFO">&amp;{req_body} = { name=La RobotFramework | isbn=947303 | aisle=324534 | author=rajabhishek }</msg>
<var>&amp;{req_body}</var>
<arg>name=${book_name}</arg>
<arg>isbn=947303</arg>
<arg>aisle=324534</arg>
<arg>author=rajabhishek</arg>
<doc>Creates and returns a dictionary based on the given ``items``.</doc>
<status status="PASS" start="2024-12-17T16:56:06.626109" elapsed="0.000000"/>
</kw>
<kw name="POST" owner="RequestsLibrary">
<msg time="2024-12-17T16:56:06.790633" level="INFO">POST Request : url=http://216.10.245.166/Library/Addbook.php 
 path_url=/Library/Addbook.php 
 headers={'User-Agent': 'python-requests/2.32.3', 'Accept-Encoding': 'gzip, deflate', 'Accept': '*/*', 'Connection': 'keep-alive', 'Content-Length': '91', 'Content-Type': 'application/json'} 
 body=b'{"name": "La RobotFramework", "isbn": "947303", "aisle": "324534", "author": "rajabhishek"}' 
 </msg>
<msg time="2024-12-17T16:56:06.790633" level="INFO">POST Response : url=http://216.10.245.166/Library/Addbook.php 
 status=200, reason=OK 
 headers={'Date': 'Tue, 17 Dec 2024 11:26:05 GMT', 'Server': 'Apache', 'Access-Control-Allow-Origin': '*', 'Access-Control-Allow-Methods': 'POST', 'Access-Control-Max-Age': '3600', 'Access-Control-Allow-Headers': 'Content-Type, Access-Control-Allow-Headers, Authorization, X-Requested-With', 'Keep-Alive': 'timeout=5, max=100', 'Connection': 'Keep-Alive', 'Transfer-Encoding': 'chunked', 'Content-Type': 'application/json;charset=UTF-8'} 
 body={"Msg":"successfully added","ID":"947303324534"} 
 </msg>
<msg time="2024-12-17T16:56:06.790633" level="INFO">${response} = &lt;Response [200]&gt;</msg>
<var>${response}</var>
<arg>${base_url}/Library/Addbook.php</arg>
<arg>json=${req_body}</arg>
<arg>expected_status=200</arg>
<doc>Sends a POST request.</doc>
<status status="PASS" start="2024-12-17T16:56:06.626109" elapsed="0.164524"/>
</kw>
<kw name="Log" owner="BuiltIn">
<msg time="2024-12-17T16:56:06.791633" level="INFO">{'Msg': 'successfully added', 'ID': '947303324534'}</msg>
<arg>${response.json()}</arg>
<doc>Logs the given message with the given level.</doc>
<status status="PASS" start="2024-12-17T16:56:06.791633" elapsed="0.000000"/>
</kw>
<kw name="Dictionary Should Contain Key" owner="Collections">
<arg>${response.json()}</arg>
<arg>ID</arg>
<doc>Fails if ``key`` is not found from ``dictionary``.</doc>
<status status="PASS" start="2024-12-17T16:56:06.792631" elapsed="0.000000"/>
</kw>
<kw name="Get From Dictionary" owner="Collections">
<msg time="2024-12-17T16:56:06.793635" level="INFO">${book_id} = 947303324534</msg>
<var>${book_id}</var>
<arg>${response.json()}</arg>
<arg>ID</arg>
<doc>Returns a value from the given ``dictionary`` based on the given ``key``.</doc>
<status status="PASS" start="2024-12-17T16:56:06.792631" elapsed="0.001004"/>
</kw>
<kw name="Set Global Variable" owner="BuiltIn">
<msg time="2024-12-17T16:56:06.793635" level="INFO">${book_id} = 947303324534</msg>
<arg>${book_id}</arg>
<doc>Makes a variable available globally in all tests and suites.</doc>
<status status="PASS" start="2024-12-17T16:56:06.793635" elapsed="0.000000"/>
</kw>
<kw name="Log" owner="BuiltIn">
<msg time="2024-12-17T16:56:06.793635" level="INFO">947303324534</msg>
<arg>${book_id}</arg>
<doc>Logs the given message with the given level.</doc>
<status status="PASS" start="2024-12-17T16:56:06.793635" elapsed="0.000000"/>
</kw>
<kw name="Should Be Equal As Strings" owner="BuiltIn">
<arg>successfully added</arg>
<arg>${response.json()}[Msg]</arg>
<doc>Fails if objects are unequal after converting them to strings.</doc>
<status status="PASS" start="2024-12-17T16:56:06.793635" elapsed="0.001513"/>
</kw>
<kw name="Status Should Be" owner="RequestsLibrary">
<arg>200</arg>
<arg>${response}</arg>
<doc>Fails if response status code is different than the expected.</doc>
<status status="PASS" start="2024-12-17T16:56:06.795148" elapsed="0.000000"/>
</kw>
<tag>API</tag>
<status status="PASS" start="2024-12-17T16:56:06.626109" elapsed="0.170561"/>
</test>
<test id="s1-t3" name="Get the Book Details which got added" line="36">
<kw name="GET" owner="RequestsLibrary">
<msg time="2024-12-17T16:56:06.897835" level="INFO">GET Request : url=http://216.10.245.166/Library/GetBook.php?ID=947303324534 
 path_url=/Library/GetBook.php?ID=947303324534 
 headers={'User-Agent': 'python-requests/2.32.3', 'Accept-Encoding': 'gzip, deflate', 'Accept': '*/*', 'Connection': 'keep-alive'} 
 body=None 
 </msg>
<msg time="2024-12-17T16:56:06.897835" level="INFO">GET Response : url=http://216.10.245.166/Library/GetBook.php?ID=947303324534 
 status=200, reason=OK 
 headers={'Date': 'Tue, 17 Dec 2024 11:26:05 GMT', 'Server': 'Apache', 'Access-Control-Allow-Origin': '*', 'Access-Control-Allow-Methods': 'POST', 'Access-Control-Max-Age': '3600', 'Access-Control-Allow-Headers': 'Content-Type, Access-Control-Allow-Headers, Authorization, X-Requested-With', 'Keep-Alive': 'timeout=5, max=99', 'Connection': 'Keep-Alive', 'Transfer-Encoding': 'chunked', 'Content-Type': 'application/json;charset=UTF-8'} 
 body=[{"book_name":"La RobotFramework","isbn":"947303","aisle":"324534","author":"rajabhishek"}] 
 </msg>
<msg time="2024-12-17T16:56:06.897835" level="INFO">${get_response} = &lt;Response [200]&gt;</msg>
<var>${get_response}</var>
<arg>${base_url}/Library/GetBook.php</arg>
<arg>params=ID=${book_id}</arg>
<arg>expected_status=200</arg>
<doc>Sends a GET request.</doc>
<status status="PASS" start="2024-12-17T16:56:06.797686" elapsed="0.100149"/>
</kw>
<kw name="Log" owner="BuiltIn">
<msg time="2024-12-17T16:56:06.899033" level="INFO">[{'book_name': 'La RobotFramework', 'isbn': '947303', 'aisle': '324534', 'author': 'rajabhishek'}]</msg>
<arg>${get_response.json()}</arg>
<doc>Logs the given message with the given level.</doc>
<status status="PASS" start="2024-12-17T16:56:06.897835" elapsed="0.001198"/>
</kw>
<kw name="Should Be Equal As Strings" owner="BuiltIn">
<arg>${book_name}</arg>
<arg>${get_response.json()}[0][book_name]</arg>
<doc>Fails if objects are unequal after converting them to strings.</doc>
<status status="PASS" start="2024-12-17T16:56:06.899543" elapsed="0.000000"/>
</kw>
<tag>API</tag>
<status status="PASS" start="2024-12-17T16:56:06.796670" elapsed="0.102873"/>
</test>
<test id="s1-t4" name="Delete the Book from database" line="43">
<kw name="Create Dictionary" owner="BuiltIn">
<msg time="2024-12-17T16:56:06.901556" level="INFO">&amp;{delete_req} = { ID=947303324534 }</msg>
<var>&amp;{delete_req}</var>
<arg>ID=${book_id}</arg>
<doc>Creates and returns a dictionary based on the given ``items``.</doc>
<status status="PASS" start="2024-12-17T16:56:06.901556" elapsed="0.000000"/>
</kw>
<kw name="POST" owner="RequestsLibrary">
<msg time="2024-12-17T16:56:07.000703" level="INFO">POST Request : url=http://216.10.245.166/Library/DeleteBook.php 
 path_url=/Library/DeleteBook.php 
 headers={'User-Agent': 'python-requests/2.32.3', 'Accept-Encoding': 'gzip, deflate', 'Accept': '*/*', 'Connection': 'keep-alive', 'Content-Length': '22', 'Content-Type': 'application/json'} 
 body=b'{"ID": "947303324534"}' 
 </msg>
<msg time="2024-12-17T16:56:07.000703" level="INFO">POST Response : url=http://216.10.245.166/Library/DeleteBook.php 
 status=200, reason=OK 
 headers={'Date': 'Tue, 17 Dec 2024 11:26:05 GMT', 'Server': 'Apache', 'Access-Control-Allow-Origin': '*', 'Access-Control-Allow-Methods': 'POST', 'Access-Control-Max-Age': '3600', 'Access-Control-Allow-Headers': 'Content-Type, Access-Control-Allow-Headers, Authorization, X-Requested-With', 'Keep-Alive': 'timeout=5, max=98', 'Connection': 'Keep-Alive', 'Transfer-Encoding': 'chunked', 'Content-Type': 'application/json;charset=UTF-8'} 
 body={"msg":"book is successfully deleted"} 
 </msg>
<msg time="2024-12-17T16:56:07.000703" level="INFO">${delete_resp} = &lt;Response [200]&gt;</msg>
<var>${delete_resp}</var>
<arg>${base_url}/Library/DeleteBook.php</arg>
<arg>json=${delete_req}</arg>
<arg>expected_status=200</arg>
<doc>Sends a POST request.</doc>
<status status="PASS" start="2024-12-17T16:56:06.901556" elapsed="0.099147"/>
</kw>
<kw name="Log" owner="BuiltIn">
<msg time="2024-12-17T16:56:07.001706" level="INFO">{'msg': 'book is successfully deleted'}</msg>
<arg>${delete_resp.json()}</arg>
<doc>Logs the given message with the given level.</doc>
<status status="PASS" start="2024-12-17T16:56:07.000703" elapsed="0.001003"/>
</kw>
<kw name="Should Be Equal As Strings" owner="BuiltIn">
<arg>book is successfully deleted</arg>
<arg>${delete_resp.json()}[msg]</arg>
<doc>Fails if objects are unequal after converting them to strings.</doc>
<status status="PASS" start="2024-12-17T16:56:07.001706" elapsed="0.000000"/>
</kw>
<tag>API</tag>
<status status="PASS" start="2024-12-17T16:56:06.900557" elapsed="0.101149"/>
</test>
<status status="PASS" start="2024-12-17T16:56:05.038767" elapsed="1.963939"/>
</suite>
<statistics>
<total>
<stat pass="4" fail="0" skip="0">All Tests</stat>
</total>
<tag>
<stat pass="4" fail="0" skip="0">API</stat>
</tag>
<suite>
<stat pass="4" fail="0" skip="0" id="s1" name="apiTesting">apiTesting</stat>
</suite>
</statistics>
<errors>
</errors>
</robot>
